<?xml version="1.0" encoding="UTF-8"?>
<!-- Generated by org.testng.reporters.JUnitReportReporter -->
<testsuite hostname="ROMC02YH0EEJGH7" failures="0" tests="21" name="com.hotels.beans.transformer.BeanTransformerTest" time="2.763" errors="0" timestamp="2020-07-30T15:19:07 CEST" skipped="0">
  <testcase classname="com.hotels.beans.transformer.BeanTransformerTest" name="testGetConstructorArgsValuesReturnsTheDefaultTypeIfTheDestinationFieldNameIsNull" time="1.436"/>
  <system-out/>
  <testcase classname="com.hotels.beans.transformer.BeanTransformerTest" name="testGetSourceFieldTypeReturnsTheSourceObjectClass" time="0.043"/>
  <system-out/>
  <testcase classname="com.hotels.beans.transformer.BeanTransformerTest" name="testGetSourceFieldTypeReturnsNull" time="0.709"/>
  <system-out/>
  <testcase classname="com.hotels.beans.transformer.BeanTransformerTest" name="testGetTransformedValueWorksProperly" time="0.009"/>
  <system-out/>
  <testcase classname="com.hotels.beans.transformer.BeanTransformerTest" name="testRemoveFieldTransformerRaisesExceptionIfItsCalledWithNullParam" time="0.014"/>
  <system-out/>
  <testcase classname="com.hotels.beans.transformer.BeanTransformerTest" name="testResetFieldsTransformerWorksProperly" time="0.006"/>
  <system-out/>
  <testcase classname="com.hotels.beans.transformer.BeanTransformerTest" name="testConversionAnalyzerIsInitializedOnlyIfValidationIsEnabled" time="0.018"/>
  <system-out/>
  <testcase classname="com.hotels.beans.transformer.BeanTransformerTest" name="testHandleInjectionExceptionWorksAsExpected" time="0.024"/>
  <system-out/>
  <testcase classname="com.hotels.beans.transformer.BeanTransformerTest" name="testGetSourceFieldValueThrowsNoExceptionIfAFieldTransformerIsDefined" time="0.278"/>
  <system-out/>
  <testcase classname="com.hotels.beans.transformer.BeanTransformerTest" name="testRemoveFieldMappingWorksProperly" time="0.075"/>
  <system-out/>
  <testcase classname="com.hotels.beans.transformer.BeanTransformerTest" name="testResetFieldsMappingWorksProperly" time="0.009"/>
  <system-out/>
  <testcase classname="com.hotels.beans.transformer.BeanTransformerTest" name="testGetSourceFieldValueRaisesAnExceptionIfTheParameterAreNull" time="0.003"/>
  <system-out/>
  <testcase classname="com.hotels.beans.transformer.BeanTransformerTest" name="testConversionAnalyzerIsInitializedOnlyIfValidationIsEnabled" time="0.014"/>
  <system-out/>
  <testcase classname="com.hotels.beans.transformer.BeanTransformerTest" name="testValidatorIsInitializedOnlyIfValidationIsEnabled" time="0.017"/>
  <system-out/>
  <testcase classname="com.hotels.beans.transformer.BeanTransformerTest" name="testValidatorIsInitializedOnlyIfValidationIsEnabled" time="0.005"/>
  <system-out/>
  <testcase classname="com.hotels.beans.transformer.BeanTransformerTest" name="testGetTransformedValueWorksProperly" time="0.012"/>
  <system-out/>
  <testcase classname="com.hotels.beans.transformer.BeanTransformerTest" name="testRemoveFieldMappingRaisesExceptionIfItsCalledWithNullParam" time="0.008"/>
  <system-out/>
  <testcase classname="com.hotels.beans.transformer.BeanTransformerTest" name="testRemoveFieldTransformerWorksProperly" time="0.023"/>
  <system-out/>
  <testcase classname="com.hotels.beans.transformer.BeanTransformerTest" name="testHandleInjectionExceptionWorksAsExpected" time="0.014"/>
  <system-out/>
  <testcase classname="com.hotels.beans.transformer.BeanTransformerTest" name="testThatPrimitiveTypeConversionIsCorrectlyEnabled" time="0.009"/>
  <system-out/>
  <testcase classname="com.hotels.beans.transformer.BeanTransformerTest" name="testGetSourceFieldTypeThrowsMissingFieldException" time="0.037"/>
  <system-out/>
</testsuite> <!-- com.hotels.beans.transformer.BeanTransformerTest -->
