<?xml version="1.0" encoding="UTF-8"?>
<!-- Generated by org.testng.reporters.JUnitReportReporter -->
<testsuite hostname="ROMC02YH0EEJGH7" failures="0" tests="7" name="com.hotels.beans.BeanUtilsTest" time="0.019" errors="0" timestamp="2020-07-30T15:19:07 CEST" skipped="0">
  <testcase classname="com.hotels.beans.BeanUtilsTest" name="testGetTransformerThrowsExceptionIfTheBeanTransformerIsNull" time="0.000"/>
  <system-out/>
  <testcase classname="com.hotels.beans.BeanUtilsTest" name="testGetTransformerFunctionWorksProperly" time="0.004"/>
  <system-out/>
  <testcase classname="com.hotels.beans.BeanUtilsTest" name="testGetTransformerWorksProperly" time="0.000"/>
  <system-out/>
  <testcase classname="com.hotels.beans.BeanUtilsTest" name="testGetTransformerFunctionWorksProperly" time="0.004"/>
  <system-out/>
  <testcase classname="com.hotels.beans.BeanUtilsTest" name="testGetPrimitiveTypeConverterWorksProperly" time="0.001"/>
  <system-out/>
  <testcase classname="com.hotels.beans.BeanUtilsTest" name="testValidateThrowsExceptionIfTheGivenBeanIsInvalid" time="0.001"/>
  <system-out/>
  <testcase classname="com.hotels.beans.BeanUtilsTest" name="testValidateWorksProperly" time="0.009"/>
  <system-out/>
</testsuite> <!-- com.hotels.beans.BeanUtilsTest -->
