<?xml version="1.0" encoding="UTF-8"?>
<!-- Generated by org.testng.reporters.JUnitReportReporter -->
<testsuite hostname="ROMC02YH0EEJGH7" failures="0" tests="5" name="com.hotels.beans.populator.ArrayPopulatorTest" time="0.027" errors="0" timestamp="2020-07-30T15:19:07 CEST" skipped="0">
  <testcase classname="com.hotels.beans.populator.ArrayPopulatorTest" name="testGetPopulatedObjectWorksProperly" time="0.002"/>
  <system-out/>
  <testcase classname="com.hotels.beans.populator.ArrayPopulatorTest" name="testGetPopulatedObjectWorksProperly" time="0.013"/>
  <system-out/>
  <testcase classname="com.hotels.beans.populator.ArrayPopulatorTest" name="testGetPopulatedObjectWorksProperly" time="0.001"/>
  <system-out/>
  <testcase classname="com.hotels.beans.populator.ArrayPopulatorTest" name="testGetPopulatedObjectWorksProperly" time="0.006"/>
  <system-out/>
  <testcase classname="com.hotels.beans.populator.ArrayPopulatorTest" name="testGetPopulatedObjectWorksProperly" time="0.005"/>
  <system-out/>
</testsuite> <!-- com.hotels.beans.populator.ArrayPopulatorTest -->
