<?xml version="1.0" encoding="UTF-8"?>
<!-- Generated by org.testng.reporters.JUnitReportReporter -->
<testsuite hostname="ROMC02YH0EEJGH7" failures="0" tests="5" name="com.hotels.beans.populator.PopulatorFactoryTest" time="0.006" errors="0" timestamp="2020-07-30T15:19:07 CEST" skipped="0">
  <testcase classname="com.hotels.beans.populator.PopulatorFactoryTest" name="testGetPopulatorReturnsTheExpectedResult" time="0.000"/>
  <system-out/>
  <testcase classname="com.hotels.beans.populator.PopulatorFactoryTest" name="testGetPopulatorReturnsTheExpectedResult" time="0.000"/>
  <system-out/>
  <testcase classname="com.hotels.beans.populator.PopulatorFactoryTest" name="testGetPopulatorReturnsTheExpectedResult" time="0.006"/>
  <system-out/>
  <testcase classname="com.hotels.beans.populator.PopulatorFactoryTest" name="testGetPopulatorReturnsTheExpectedResult" time="0.000"/>
  <system-out/>
  <testcase classname="com.hotels.beans.populator.PopulatorFactoryTest" name="testGetPopulatorReturnsTheExpectedResult" time="0.000"/>
  <system-out/>
</testsuite> <!-- com.hotels.beans.populator.PopulatorFactoryTest -->
