<?xml version="1.0" encoding="UTF-8"?>
<!-- Generated by org.testng.reporters.JUnitReportReporter -->
<testsuite hostname="ROMC02YH0EEJGH7" failures="0" tests="23" name="com.hotels.beans.transformer.ImmutableObjectTransformationTest" time="2.993" errors="0" timestamp="2020-07-30T15:19:07 CEST" skipped="0">
  <testcase classname="com.hotels.beans.transformer.ImmutableObjectTransformationTest" name="testImmutableBeanIsCorrectlyCopied" time="0.028"/>
  <system-out/>
  <testcase classname="com.hotels.beans.transformer.ImmutableObjectTransformationTest" name="testTransformThrowsExceptionWhenImmutableIsInvalid" time="1.015"/>
  <system-out/>
  <testcase classname="com.hotels.beans.transformer.ImmutableObjectTransformationTest" name="testImmutableBeanWithAdvancedFieldsIsCorrectlyCopied" time="0.047"/>
  <system-out/>
  <testcase classname="com.hotels.beans.transformer.ImmutableObjectTransformationTest" name="testFieldTransformationSkipWorksProperly" time="0.043"/>
  <system-out/>
  <testcase classname="com.hotels.beans.transformer.ImmutableObjectTransformationTest" name="testImmutableBeanWithDifferentFieldNamesIsCorrectlyCopied" time="0.021"/>
  <system-out/>
  <testcase classname="com.hotels.beans.transformer.ImmutableObjectTransformationTest" name="testImmutableBeanIsCorrectlyCopied" time="0.023"/>
  <system-out/>
  <testcase classname="com.hotels.beans.transformer.ImmutableObjectTransformationTest" name="testImmutableBeanIsCorrectlyCopied" time="0.030"/>
  <system-out/>
  <testcase classname="com.hotels.beans.transformer.ImmutableObjectTransformationTest" name="testTransformRaiseAnExceptionIfTheTransformerFunctionIsNotValid" time="0.114"/>
  <system-out/>
  <testcase classname="com.hotels.beans.transformer.ImmutableObjectTransformationTest" name="testTransformationWithCompositeFieldNameMappingIsWorkingAsExpected" time="0.246"/>
  <system-out/>
  <testcase classname="com.hotels.beans.transformer.ImmutableObjectTransformationTest" name="testTransformationWithCompositeFieldNameMappingIsWorkingAsExpected" time="0.246"/>
  <system-out/>
  <testcase classname="com.hotels.beans.transformer.ImmutableObjectTransformationTest" name="testTransformThrowsNoExceptionIfTheDestinationObjectValuesAreNotValidAndTheValidationIsDisabled" time="0.026"/>
  <system-out/>
  <testcase classname="com.hotels.beans.transformer.ImmutableObjectTransformationTest" name="testTransformationReturnsAMeaningfulException" time="0.013"/>
  <system-out/>
  <testcase classname="com.hotels.beans.transformer.ImmutableObjectTransformationTest" name="testGetDestFieldNameReturnsNullIfConstructorParamHasNoNameProvidedFromJVMAndNoConstructorArgIsDefined" time="0.013"/>
  <system-out/>
  <testcase classname="com.hotels.beans.transformer.ImmutableObjectTransformationTest" name="testTransformationOnAnExistingDestinationWorksProperly" time="0.057"/>
  <system-out/>
  <testcase classname="com.hotels.beans.transformer.ImmutableObjectTransformationTest" name="testTransformerFunctionHasHigherPriorityThanDefaultValue" time="0.010"/>
  <system-out/>
  <testcase classname="com.hotels.beans.transformer.ImmutableObjectTransformationTest" name="testImmutableBeanWithMissingConstructorArgIsCorrectlyCopied" time="0.016"/>
  <system-out/>
  <testcase classname="com.hotels.beans.transformer.ImmutableObjectTransformationTest" name="testImmutableBeanIsCorrectlyCopied" time="0.021"/>
  <system-out/>
  <testcase classname="com.hotels.beans.transformer.ImmutableObjectTransformationTest" name="testImmutableBeanIsCorrectlyCopied" time="0.031"/>
  <system-out/>
  <testcase classname="com.hotels.beans.transformer.ImmutableObjectTransformationTest" name="testThatAnyTypeOfBeanContainsANotExistingFieldInTheSourceObjectIsCorrectlyCopiedThroughTransformerFunctions" time="0.042"/>
  <system-out/>
  <testcase classname="com.hotels.beans.transformer.ImmutableObjectTransformationTest" name="testImmutableBeanWithAdvancedFieldsIsCorrectlyCopied" time="0.051"/>
  <system-out/>
  <testcase classname="com.hotels.beans.transformer.ImmutableObjectTransformationTest" name="testGetDestFieldNameIsRetrievedFromConstructorArgIfTheParamNameIsNotProvidedFromJVM" time="0.714"/>
  <system-out/>
  <testcase classname="com.hotels.beans.transformer.ImmutableObjectTransformationTest" name="testGetConstructorValuesFromFieldsWorksProperly" time="0.164"/>
  <system-out/>
  <testcase classname="com.hotels.beans.transformer.ImmutableObjectTransformationTest" name="testTransformThrowsExceptionIfTheConstructorInvocationThrowsException" time="0.022"/>
  <system-out/>
</testsuite> <!-- com.hotels.beans.transformer.ImmutableObjectTransformationTest -->
