<?xml version="1.0" encoding="UTF-8"?>
<!-- Generated by org.testng.reporters.JUnitReportReporter -->
<testsuite hostname="ROMC02YH0EEJGH7" failures="0" tests="4" name="com.hotels.beans.transformer.BuilderObjectTransformationTest" time="4.669" errors="0" timestamp="2020-07-30T15:19:07 CEST" skipped="0">
  <testcase classname="com.hotels.beans.transformer.BuilderObjectTransformationTest" name="testTransformationThroughBuilder" time="4.033"/>
  <system-out/>
  <testcase classname="com.hotels.beans.transformer.BuilderObjectTransformationTest" name="testTransformationThroughBuilder" time="0.012"/>
  <system-out/>
  <testcase classname="com.hotels.beans.transformer.BuilderObjectTransformationTest" name="testTransformationThroughBuilder" time="0.607"/>
  <system-out/>
  <testcase classname="com.hotels.beans.transformer.BuilderObjectTransformationTest" name="testTransformationThroughBuilder" time="0.017"/>
  <system-out/>
</testsuite> <!-- com.hotels.beans.transformer.BuilderObjectTransformationTest -->
