<?xml version="1.0" encoding="UTF-8"?>
<!-- Generated by org.testng.reporters.JUnitReportReporter -->
<testsuite hostname="ROMC02YH0EEJGH7" failures="0" tests="5" name="com.hotels.beans.performance.PerformanceTest" time="2.425" errors="0" timestamp="2020-07-30T15:19:07 CEST" skipped="0">
  <testcase classname="com.hotels.beans.performance.PerformanceTest" name="testCopyPropertiesGetsCompletedInTheExpectedTime" time="0.911"/>
  <system-out/>
  <testcase classname="com.hotels.beans.performance.PerformanceTest" name="testCopyPropertiesGetsCompletedInTheExpectedTime" time="0.499"/>
  <system-out/>
  <testcase classname="com.hotels.beans.performance.PerformanceTest" name="testCopyPropertiesGetsCompletedInTheExpectedTime" time="0.051"/>
  <system-out/>
  <testcase classname="com.hotels.beans.performance.PerformanceTest" name="testCopyPropertiesGetsCompletedInTheExpectedTime" time="0.822"/>
  <system-out/>
  <testcase classname="com.hotels.beans.performance.PerformanceTest" name="testCopyPropertiesGetsCompletedInTheExpectedTime" time="0.142"/>
  <system-out/>
</testsuite> <!-- com.hotels.beans.performance.PerformanceTest -->
