<?xml version="1.0" encoding="UTF-8"?>
<!-- Generated by org.testng.reporters.JUnitReportReporter -->
<testsuite hostname="ROMC02YH0EEJGH7" failures="0" tests="18" name="com.hotels.beans.transformer.MutableObjectTransformationTest" time="0.217" errors="0" timestamp="2020-07-30T15:19:07 CEST" skipped="0">
  <testcase classname="com.hotels.beans.transformer.MutableObjectTransformationTest" name="testTransformThrowsNoExceptionIfTheDestinationObjectValuesAreNotValidAndTheValidationIsDisabled" time="0.035"/>
  <system-out/>
  <testcase classname="com.hotels.beans.transformer.MutableObjectTransformationTest" name="testTransformationWithFieldTransformationWorksProperly" time="0.005"/>
  <system-out/>
  <testcase classname="com.hotels.beans.transformer.MutableObjectTransformationTest" name="testFieldTransformationSkipWorksProperly" time="0.008"/>
  <system-out/>
  <testcase classname="com.hotels.beans.transformer.MutableObjectTransformationTest" name="testThatBothPrimitiveTypeTransformationAndCustomTransformationAreExecuted" time="0.010"/>
  <system-out/>
  <testcase classname="com.hotels.beans.transformer.MutableObjectTransformationTest" name="testTransformerIsAbleToCopyObjectsWithoutRequiredMethods" time="0.009"/>
  <system-out/>
  <testcase classname="com.hotels.beans.transformer.MutableObjectTransformationTest" name="testTransformerDoesNotThrowExceptionIfAFieldIsMissingAndTheDefaultValueSetIsEnabled" time="0.012"/>
  <system-out/>
  <testcase classname="com.hotels.beans.transformer.MutableObjectTransformationTest" name="testMutableBeanIsCorrectlyCopied" time="0.014"/>
  <system-out/>
  <testcase classname="com.hotels.beans.transformer.MutableObjectTransformationTest" name="testThatAnyTypeOfBeanContainsANotExistingFieldInTheSourceObjectIsCorrectlyCopiedThroughTransformerFunctions" time="0.010"/>
  <system-out/>
  <testcase classname="com.hotels.beans.transformer.MutableObjectTransformationTest" name="testTransformerDoesNotSetsTheDefaultValueForPrimitiveTypeField" time="0.015"/>
  <system-out/>
  <testcase classname="com.hotels.beans.transformer.MutableObjectTransformationTest" name="testTransformerThrowsExceptionIfAFieldIsMissingAndThePrimitiveTypeConversionIsEnabled" time="0.008"/>
  <system-out/>
  <testcase classname="com.hotels.beans.transformer.MutableObjectTransformationTest" name="testAutomaticPrimitiveTypeTransformationWorksProperly" time="0.027"/>
  <system-out/>
  <testcase classname="com.hotels.beans.transformer.MutableObjectTransformationTest" name="testInjectValuesThrowsException" time="0.012"/>
  <system-out/>
  <testcase classname="com.hotels.beans.transformer.MutableObjectTransformationTest" name="testTransformationWithFieldTransformationWorksProperly" time="0.008"/>
  <system-out/>
  <testcase classname="com.hotels.beans.transformer.MutableObjectTransformationTest" name="testFieldTransformationIsAppliedOnlyToASpecificField" time="0.011"/>
  <system-out/>
  <testcase classname="com.hotels.beans.transformer.MutableObjectTransformationTest" name="testTransformationOnAnExistingDestinationWorksProperly" time="0.010"/>
  <system-out/>
  <testcase classname="com.hotels.beans.transformer.MutableObjectTransformationTest" name="testTransformThrowsExceptionWhenMutableBeanHasNoDefaultConstructor" time="0.007"/>
  <system-out/>
  <testcase classname="com.hotels.beans.transformer.MutableObjectTransformationTest" name="testFieldTransformationIsAppliedToAllMatchingFields" time="0.008"/>
  <system-out/>
  <testcase classname="com.hotels.beans.transformer.MutableObjectTransformationTest" name="testTransformerIsAbleToCopyObjectsWithoutFieldButWithGetterMethods" time="0.008"/>
  <system-out/>
</testsuite> <!-- com.hotels.beans.transformer.MutableObjectTransformationTest -->
