<?xml version="1.0" encoding="UTF-8"?>
<!-- Generated by org.testng.reporters.JUnitReportReporter -->
<testsuite hostname="ROMC02YH0EEJGH7" failures="0" tests="9" name="com.hotels.beans.transformer.MixedObjectTransformationTest" time="0.095" errors="0" timestamp="2020-07-30T15:19:07 CEST" skipped="0">
  <testcase classname="com.hotels.beans.transformer.MixedObjectTransformationTest" name="testMixedBeanWithDifferentFieldNamesIsCorrectlyCopiedThroughFieldTransformer" time="0.007"/>
  <system-out/>
  <testcase classname="com.hotels.beans.transformer.MixedObjectTransformationTest" name="testThatAnyTypeOfBeanContainsANotExistingFieldInTheSourceObjectIsCorrectlyCopiedThroughTransformerFunctions" time="0.006"/>
  <system-out/>
  <testcase classname="com.hotels.beans.transformer.MixedObjectTransformationTest" name="testMixedBeanWithMissingFieldsReturnsTheDefaultValueWhenTheSourceObjectDoesNotContainARequiredField" time="0.031"/>
  <system-out/>
  <testcase classname="com.hotels.beans.transformer.MixedObjectTransformationTest" name="testFieldTransformationSkipWorksProperly" time="0.011"/>
  <system-out/>
  <testcase classname="com.hotels.beans.transformer.MixedObjectTransformationTest" name="testTransformationOnAnExistingDestinationWorksProperly" time="0.006"/>
  <system-out/>
  <testcase classname="com.hotels.beans.transformer.MixedObjectTransformationTest" name="testMixedBeanWithoutAllArgsConstructorIsCorrectlyCopied" time="0.009"/>
  <system-out/>
  <testcase classname="com.hotels.beans.transformer.MixedObjectTransformationTest" name="testMixedBeanWithMissingFieldsThrowsMissingFieldExceptionWhenTheSourceObjectDoesNotContainARequiredField" time="0.003"/>
  <system-out/>
  <testcase classname="com.hotels.beans.transformer.MixedObjectTransformationTest" name="testMixedBeanIsCorrectlyCopied" time="0.008"/>
  <system-out/>
  <testcase classname="com.hotels.beans.transformer.MixedObjectTransformationTest" name="testMixedBeanWithDifferentFieldNamesIsCorrectlyCopied" time="0.014"/>
  <system-out/>
</testsuite> <!-- com.hotels.beans.transformer.MixedObjectTransformationTest -->
