<?xml version="1.0" encoding="UTF-8"?>
<!-- Generated by org.testng.reporters.JUnitReportReporter -->
<testsuite hostname="ROMC02YH0EEJGH7" failures="0" tests="162" name="com.hotels.beans.conversion.ConverterTest" time="0.503" errors="0" timestamp="2020-07-30T15:18:42 CEST" skipped="0">
  <testcase classname="com.hotels.beans.conversion.ConverterTest" name="testConvertValueWorksProperly" time="0.001"/>
  <system-out/>
  <testcase classname="com.hotels.beans.conversion.ConverterTest" name="testGetConversionFunctionReturnsTheExpectedConversionFunction" time="0.000"/>
  <system-out/>
  <testcase classname="com.hotels.beans.conversion.ConverterTest" name="testConvertValueWorksProperly" time="0.001"/>
  <system-out/>
  <testcase classname="com.hotels.beans.conversion.ConverterTest" name="testConvertValueWorksProperly" time="0.001"/>
  <system-out/>
  <testcase classname="com.hotels.beans.conversion.ConverterTest" name="testConvertValueWorksProperly" time="0.002"/>
  <system-out/>
  <testcase classname="com.hotels.beans.conversion.ConverterTest" name="testConvertValueWorksProperly" time="0.000"/>
  <system-out/>
  <testcase classname="com.hotels.beans.conversion.ConverterTest" name="testGetConversionFunctionReturnsTheExpectedConversionFunction" time="0.000"/>
  <system-out/>
  <testcase classname="com.hotels.beans.conversion.ConverterTest" name="testConvertValueWorksProperly" time="0.000"/>
  <system-out/>
  <testcase classname="com.hotels.beans.conversion.ConverterTest" name="testConvertValueWorksProperly" time="0.001"/>
  <system-out/>
  <testcase classname="com.hotels.beans.conversion.ConverterTest" name="testConvertValueWorksProperly" time="0.005"/>
  <system-out/>
  <testcase classname="com.hotels.beans.conversion.ConverterTest" name="testConvertValueWorksProperly" time="0.002"/>
  <system-out/>
  <testcase classname="com.hotels.beans.conversion.ConverterTest" name="testGetConversionFunctionReturnsTheExpectedConversionFunction" time="0.001"/>
  <system-out/>
  <testcase classname="com.hotels.beans.conversion.ConverterTest" name="testConvertValueWorksProperly" time="0.001"/>
  <system-out/>
  <testcase classname="com.hotels.beans.conversion.ConverterTest" name="testConvertValueWorksProperly" time="0.001"/>
  <system-out/>
  <testcase classname="com.hotels.beans.conversion.ConverterTest" name="testConvertValueWorksProperly" time="0.001"/>
  <system-out/>
  <testcase classname="com.hotels.beans.conversion.ConverterTest" name="testConvertValueWorksProperly" time="0.000"/>
  <system-out/>
  <testcase classname="com.hotels.beans.conversion.ConverterTest" name="testConvertValueWorksProperly" time="0.001"/>
  <system-out/>
  <testcase classname="com.hotels.beans.conversion.ConverterTest" name="testConvertValueWorksProperly" time="0.001"/>
  <system-out/>
  <testcase classname="com.hotels.beans.conversion.ConverterTest" name="testGetConversionFunctionReturnsTheExpectedConversionFunction" time="0.000"/>
  <system-out/>
  <testcase classname="com.hotels.beans.conversion.ConverterTest" name="testConvertValueWorksProperly" time="0.001"/>
  <system-out/>
  <testcase classname="com.hotels.beans.conversion.ConverterTest" name="testConvertValueWorksProperly" time="0.003"/>
  <system-out/>
  <testcase classname="com.hotels.beans.conversion.ConverterTest" name="testGetConversionFunctionReturnsTheExpectedConversionFunction" time="0.000"/>
  <system-out/>
  <testcase classname="com.hotels.beans.conversion.ConverterTest" name="testConvertValueWorksProperly" time="0.006"/>
  <system-out/>
  <testcase classname="com.hotels.beans.conversion.ConverterTest" name="testConvertValueWorksProperly" time="0.001"/>
  <system-out/>
  <testcase classname="com.hotels.beans.conversion.ConverterTest" name="testConvertValueWorksProperly" time="0.000"/>
  <system-out/>
  <testcase classname="com.hotels.beans.conversion.ConverterTest" name="testConvertValueWorksProperly" time="0.002"/>
  <system-out/>
  <testcase classname="com.hotels.beans.conversion.ConverterTest" name="testConvertValueWorksProperly" time="0.000"/>
  <system-out/>
  <testcase classname="com.hotels.beans.conversion.ConverterTest" name="testConvertValueWorksProperly" time="0.001"/>
  <system-out/>
  <testcase classname="com.hotels.beans.conversion.ConverterTest" name="testGetConversionFunctionReturnsTheExpectedConversionFunction" time="0.000"/>
  <system-out/>
  <testcase classname="com.hotels.beans.conversion.ConverterTest" name="testConvertValueWorksProperly" time="0.000"/>
  <system-out/>
  <testcase classname="com.hotels.beans.conversion.ConverterTest" name="testConvertValueWorksProperly" time="0.001"/>
  <system-out/>
  <testcase classname="com.hotels.beans.conversion.ConverterTest" name="testConvertByteArrayValueWorksProperly" time="0.023"/>
  <system-out/>
  <testcase classname="com.hotels.beans.conversion.ConverterTest" name="testConvertValueWorksProperly" time="0.001"/>
  <system-out/>
  <testcase classname="com.hotels.beans.conversion.ConverterTest" name="testConvertValueWorksProperly" time="0.001"/>
  <system-out/>
  <testcase classname="com.hotels.beans.conversion.ConverterTest" name="testConvertValueWorksProperly" time="0.001"/>
  <system-out/>
  <testcase classname="com.hotels.beans.conversion.ConverterTest" name="testConvertValueWorksProperly" time="0.001"/>
  <system-out/>
  <testcase classname="com.hotels.beans.conversion.ConverterTest" name="testConvertValueWorksProperly" time="0.000"/>
  <system-out/>
  <testcase classname="com.hotels.beans.conversion.ConverterTest" name="testConvertValueWorksProperly" time="0.003"/>
  <system-out/>
  <testcase classname="com.hotels.beans.conversion.ConverterTest" name="testConvertValueRaisesExceptionInCaseNoConverterIsDefined" time="0.005"/>
  <system-out/>
  <testcase classname="com.hotels.beans.conversion.ConverterTest" name="testConvertValueWorksProperly" time="0.000"/>
  <system-out/>
  <testcase classname="com.hotels.beans.conversion.ConverterTest" name="testConvertValueWorksProperly" time="0.007"/>
  <system-out/>
  <testcase classname="com.hotels.beans.conversion.ConverterTest" name="testConvertValueWorksProperly" time="0.001"/>
  <system-out/>
  <testcase classname="com.hotels.beans.conversion.ConverterTest" name="testGetConversionFunctionReturnsTheExpectedConversionFunction" time="0.000"/>
  <system-out/>
  <testcase classname="com.hotels.beans.conversion.ConverterTest" name="testConvertValueWorksProperly" time="0.001"/>
  <system-out/>
  <testcase classname="com.hotels.beans.conversion.ConverterTest" name="testConvertValueWorksProperly" time="0.001"/>
  <system-out/>
  <testcase classname="com.hotels.beans.conversion.ConverterTest" name="testConvertValueWorksProperly" time="0.001"/>
  <system-out/>
  <testcase classname="com.hotels.beans.conversion.ConverterTest" name="testConvertValueWorksProperly" time="0.000"/>
  <system-out/>
  <testcase classname="com.hotels.beans.conversion.ConverterTest" name="testConvertValueWorksProperly" time="0.001"/>
  <system-out/>
  <testcase classname="com.hotels.beans.conversion.ConverterTest" name="testConvertValueWorksProperly" time="0.000"/>
  <system-out/>
  <testcase classname="com.hotels.beans.conversion.ConverterTest" name="testConvertValueWorksProperly" time="0.001"/>
  <system-out/>
  <testcase classname="com.hotels.beans.conversion.ConverterTest" name="testConvertValueWorksProperly" time="0.006"/>
  <system-out/>
  <testcase classname="com.hotels.beans.conversion.ConverterTest" name="testConvertValueWorksProperly" time="0.001"/>
  <system-out/>
  <testcase classname="com.hotels.beans.conversion.ConverterTest" name="testConvertValueWorksProperly" time="0.001"/>
  <system-out/>
  <testcase classname="com.hotels.beans.conversion.ConverterTest" name="testConvertValueWorksProperly" time="0.002"/>
  <system-out/>
  <testcase classname="com.hotels.beans.conversion.ConverterTest" name="testConvertValueWorksProperly" time="0.000"/>
  <system-out/>
  <testcase classname="com.hotels.beans.conversion.ConverterTest" name="testConvertValueWorksProperly" time="0.001"/>
  <system-out/>
  <testcase classname="com.hotels.beans.conversion.ConverterTest" name="testGetConversionFunctionReturnsTheExpectedConversionFunction" time="0.000"/>
  <system-out/>
  <testcase classname="com.hotels.beans.conversion.ConverterTest" name="testConvertValueWorksProperly" time="0.001"/>
  <system-out/>
  <testcase classname="com.hotels.beans.conversion.ConverterTest" name="testConvertValueWorksProperly" time="0.031"/>
  <system-out/>
  <testcase classname="com.hotels.beans.conversion.ConverterTest" name="testConvertValueWorksProperly" time="0.001"/>
  <system-out/>
  <testcase classname="com.hotels.beans.conversion.ConverterTest" name="testConvertValueWorksProperly" time="0.001"/>
  <system-out/>
  <testcase classname="com.hotels.beans.conversion.ConverterTest" name="testConvertValueWorksProperly" time="0.002"/>
  <system-out/>
  <testcase classname="com.hotels.beans.conversion.ConverterTest" name="testConvertValueWorksProperly" time="0.000"/>
  <system-out/>
  <testcase classname="com.hotels.beans.conversion.ConverterTest" name="testConvertByteArrayValueWorksProperly" time="0.002"/>
  <system-out/>
  <testcase classname="com.hotels.beans.conversion.ConverterTest" name="testGetConversionFunctionReturnsTheExpectedConversionFunction" time="0.000"/>
  <system-out/>
  <testcase classname="com.hotels.beans.conversion.ConverterTest" name="testConvertValueWorksProperly" time="0.001"/>
  <system-out/>
  <testcase classname="com.hotels.beans.conversion.ConverterTest" name="testConvertValueWorksProperly" time="0.000"/>
  <system-out/>
  <testcase classname="com.hotels.beans.conversion.ConverterTest" name="testConvertValueWorksProperly" time="0.000"/>
  <system-out/>
  <testcase classname="com.hotels.beans.conversion.ConverterTest" name="testGetConversionFunctionReturnsTheExpectedConversionFunction" time="0.000"/>
  <system-out/>
  <testcase classname="com.hotels.beans.conversion.ConverterTest" name="testConvertValueWorksProperly" time="0.001"/>
  <system-out/>
  <testcase classname="com.hotels.beans.conversion.ConverterTest" name="testConvertValueWorksProperly" time="0.002"/>
  <system-out/>
  <testcase classname="com.hotels.beans.conversion.ConverterTest" name="testConvertValueWorksProperly" time="0.001"/>
  <system-out/>
  <testcase classname="com.hotels.beans.conversion.ConverterTest" name="testConvertValueWorksProperly" time="0.001"/>
  <system-out/>
  <testcase classname="com.hotels.beans.conversion.ConverterTest" name="testConvertValueWorksProperly" time="0.007"/>
  <system-out/>
  <testcase classname="com.hotels.beans.conversion.ConverterTest" name="testConvertValueWorksProperly" time="0.003"/>
  <system-out/>
  <testcase classname="com.hotels.beans.conversion.ConverterTest" name="testConvertValueWorksProperly" time="0.001"/>
  <system-out/>
  <testcase classname="com.hotels.beans.conversion.ConverterTest" name="testConvertValueWorksProperly" time="0.004"/>
  <system-out/>
  <testcase classname="com.hotels.beans.conversion.ConverterTest" name="testConvertValueWorksProperly" time="0.001"/>
  <system-out/>
  <testcase classname="com.hotels.beans.conversion.ConverterTest" name="testConvertValueWorksProperly" time="0.054"/>
  <system-out/>
  <testcase classname="com.hotels.beans.conversion.ConverterTest" name="testConvertValueWorksProperly" time="0.000"/>
  <system-out/>
  <testcase classname="com.hotels.beans.conversion.ConverterTest" name="testConvertValueWorksProperly" time="0.001"/>
  <system-out/>
  <testcase classname="com.hotels.beans.conversion.ConverterTest" name="testConvertValueWorksProperly" time="0.002"/>
  <system-out/>
  <testcase classname="com.hotels.beans.conversion.ConverterTest" name="testConvertValueWorksProperly" time="0.001"/>
  <system-out/>
  <testcase classname="com.hotels.beans.conversion.ConverterTest" name="testConvertValueWorksProperly" time="0.000"/>
  <system-out/>
  <testcase classname="com.hotels.beans.conversion.ConverterTest" name="testGetConversionFunctionReturnsTheExpectedConversionFunction" time="0.000"/>
  <system-out/>
  <testcase classname="com.hotels.beans.conversion.ConverterTest" name="testConvertValueWorksProperly" time="0.001"/>
  <system-out/>
  <testcase classname="com.hotels.beans.conversion.ConverterTest" name="testConvertByteArrayValueWorksProperly" time="0.000"/>
  <system-out/>
  <testcase classname="com.hotels.beans.conversion.ConverterTest" name="testConvertValueWorksProperly" time="0.001"/>
  <system-out/>
  <testcase classname="com.hotels.beans.conversion.ConverterTest" name="testGetConversionFunctionReturnsTheExpectedConversionFunction" time="0.001"/>
  <system-out/>
  <testcase classname="com.hotels.beans.conversion.ConverterTest" name="testConvertValueWorksProperly" time="0.001"/>
  <system-out/>
  <testcase classname="com.hotels.beans.conversion.ConverterTest" name="testConvertValueWorksProperly" time="0.000"/>
  <system-out/>
  <testcase classname="com.hotels.beans.conversion.ConverterTest" name="testConvertValueWorksProperly" time="0.000"/>
  <system-out/>
  <testcase classname="com.hotels.beans.conversion.ConverterTest" name="testGetConversionFunctionReturnsTheExpectedConversionFunction" time="0.000"/>
  <system-out/>
  <testcase classname="com.hotels.beans.conversion.ConverterTest" name="testConvertByteArrayValueWorksProperly" time="0.001"/>
  <system-out/>
  <testcase classname="com.hotels.beans.conversion.ConverterTest" name="testConvertValueWorksProperly" time="0.001"/>
  <system-out/>
  <testcase classname="com.hotels.beans.conversion.ConverterTest" name="testConvertValueWorksProperly" time="0.001"/>
  <system-out/>
  <testcase classname="com.hotels.beans.conversion.ConverterTest" name="testConvertValueWorksProperly" time="0.001"/>
  <system-out/>
  <testcase classname="com.hotels.beans.conversion.ConverterTest" name="testConvertValueWorksProperly" time="0.001"/>
  <system-out/>
  <testcase classname="com.hotels.beans.conversion.ConverterTest" name="testConvertValueWorksProperly" time="0.001"/>
  <system-out/>
  <testcase classname="com.hotels.beans.conversion.ConverterTest" name="testConvertValueWorksProperly" time="0.001"/>
  <system-out/>
  <testcase classname="com.hotels.beans.conversion.ConverterTest" name="testConvertValueWorksProperly" time="0.000"/>
  <system-out/>
  <testcase classname="com.hotels.beans.conversion.ConverterTest" name="testConvertValueWorksProperly" time="0.001"/>
  <system-out/>
  <testcase classname="com.hotels.beans.conversion.ConverterTest" name="testConvertValueWorksProperly" time="0.001"/>
  <system-out/>
  <testcase classname="com.hotels.beans.conversion.ConverterTest" name="testConvertValueWorksProperly" time="0.001"/>
  <system-out/>
  <testcase classname="com.hotels.beans.conversion.ConverterTest" name="testConvertValueWorksProperly" time="0.001"/>
  <system-out/>
  <testcase classname="com.hotels.beans.conversion.ConverterTest" name="testConvertValueWorksProperly" time="0.035"/>
  <system-out/>
  <testcase classname="com.hotels.beans.conversion.ConverterTest" name="testConvertValueWorksProperly" time="0.001"/>
  <system-out/>
  <testcase classname="com.hotels.beans.conversion.ConverterTest" name="testConvertValueWorksProperly" time="0.001"/>
  <system-out/>
  <testcase classname="com.hotels.beans.conversion.ConverterTest" name="testConvertValueWorksProperly" time="0.001"/>
  <system-out/>
  <testcase classname="com.hotels.beans.conversion.ConverterTest" name="testConvertValueWorksProperly" time="0.000"/>
  <system-out/>
  <testcase classname="com.hotels.beans.conversion.ConverterTest" name="testConvertValueWorksProperly" time="0.000"/>
  <system-out/>
  <testcase classname="com.hotels.beans.conversion.ConverterTest" name="testConvertValueWorksProperly" time="0.001"/>
  <system-out/>
  <testcase classname="com.hotels.beans.conversion.ConverterTest" name="testConvertValueWorksProperly" time="0.002"/>
  <system-out/>
  <testcase classname="com.hotels.beans.conversion.ConverterTest" name="testConvertValueWorksProperly" time="0.001"/>
  <system-out/>
  <testcase classname="com.hotels.beans.conversion.ConverterTest" name="testConvertValueWorksProperly" time="0.001"/>
  <system-out/>
  <testcase classname="com.hotels.beans.conversion.ConverterTest" name="testConvertValueWorksProperly" time="0.002"/>
  <system-out/>
  <testcase classname="com.hotels.beans.conversion.ConverterTest" name="testConvertByteArrayValueWorksProperly" time="0.042"/>
  <system-out/>
  <testcase classname="com.hotels.beans.conversion.ConverterTest" name="testConvertByteArrayValueWorksProperly" time="0.001"/>
  <system-out/>
  <testcase classname="com.hotels.beans.conversion.ConverterTest" name="testConvertValueWorksProperly" time="0.004"/>
  <system-out/>
  <testcase classname="com.hotels.beans.conversion.ConverterTest" name="testConvertValueWorksProperly" time="0.001"/>
  <system-out/>
  <testcase classname="com.hotels.beans.conversion.ConverterTest" name="testGetConversionFunctionReturnsAnEmptyOptional" time="0.001"/>
  <system-out/>
  <testcase classname="com.hotels.beans.conversion.ConverterTest" name="testConvertByteArrayValueWorksProperly" time="0.001"/>
  <system-out/>
  <testcase classname="com.hotels.beans.conversion.ConverterTest" name="testConvertValueWorksProperly" time="0.000"/>
  <system-out/>
  <testcase classname="com.hotels.beans.conversion.ConverterTest" name="testConvertValueWorksProperly" time="0.001"/>
  <system-out/>
  <testcase classname="com.hotels.beans.conversion.ConverterTest" name="testConvertByteArrayValueWorksProperly" time="0.000"/>
  <system-out/>
  <testcase classname="com.hotels.beans.conversion.ConverterTest" name="testConvertValueWorksProperly" time="0.001"/>
  <system-out/>
  <testcase classname="com.hotels.beans.conversion.ConverterTest" name="testConvertValueWorksProperly" time="0.001"/>
  <system-out/>
  <testcase classname="com.hotels.beans.conversion.ConverterTest" name="testConvertValueWorksProperly" time="0.000"/>
  <system-out/>
  <testcase classname="com.hotels.beans.conversion.ConverterTest" name="testConvertValueWorksProperly" time="0.001"/>
  <system-out/>
  <testcase classname="com.hotels.beans.conversion.ConverterTest" name="testConvertValueWorksProperly" time="0.001"/>
  <system-out/>
  <testcase classname="com.hotels.beans.conversion.ConverterTest" name="testConvertValueWorksProperly" time="0.011"/>
  <system-out/>
  <testcase classname="com.hotels.beans.conversion.ConverterTest" name="testConvertValueWorksProperly" time="0.001"/>
  <system-out/>
  <testcase classname="com.hotels.beans.conversion.ConverterTest" name="testConvertValueWorksProperly" time="0.002"/>
  <system-out/>
  <testcase classname="com.hotels.beans.conversion.ConverterTest" name="testConvertValueWorksProperly" time="0.006"/>
  <system-out/>
  <testcase classname="com.hotels.beans.conversion.ConverterTest" name="testConvertValueWorksProperly" time="0.001"/>
  <system-out/>
  <testcase classname="com.hotels.beans.conversion.ConverterTest" name="testConvertValueWorksProperly" time="0.004"/>
  <system-out/>
  <testcase classname="com.hotels.beans.conversion.ConverterTest" name="testConvertValueWorksProperly" time="0.000"/>
  <system-out/>
  <testcase classname="com.hotels.beans.conversion.ConverterTest" name="testConvertValueWorksProperly" time="0.001"/>
  <system-out/>
  <testcase classname="com.hotels.beans.conversion.ConverterTest" name="testConvertValueWorksProperly" time="0.000"/>
  <system-out/>
  <testcase classname="com.hotels.beans.conversion.ConverterTest" name="testConvertByteArrayValueWorksProperly" time="0.002"/>
  <system-out/>
  <testcase classname="com.hotels.beans.conversion.ConverterTest" name="testConvertByteArrayValueWorksProperly" time="0.001"/>
  <system-out/>
  <testcase classname="com.hotels.beans.conversion.ConverterTest" name="testGetConversionFunctionReturnsAnEmptyOptional" time="0.000"/>
  <system-out/>
  <testcase classname="com.hotels.beans.conversion.ConverterTest" name="testConvertValueWorksProperly" time="0.001"/>
  <system-out/>
  <testcase classname="com.hotels.beans.conversion.ConverterTest" name="testConvertValueWorksProperly" time="0.001"/>
  <system-out/>
  <testcase classname="com.hotels.beans.conversion.ConverterTest" name="testConvertValueWorksProperly" time="0.002"/>
  <system-out/>
  <testcase classname="com.hotels.beans.conversion.ConverterTest" name="testConvertValueWorksProperly" time="0.001"/>
  <system-out/>
  <testcase classname="com.hotels.beans.conversion.ConverterTest" name="testConvertByteArrayValueWorksProperly" time="0.001"/>
  <system-out/>
  <testcase classname="com.hotels.beans.conversion.ConverterTest" name="testConvertValueWorksProperly" time="0.000"/>
  <system-out/>
  <testcase classname="com.hotels.beans.conversion.ConverterTest" name="testConvertValueWorksProperly" time="0.002"/>
  <system-out/>
  <testcase classname="com.hotels.beans.conversion.ConverterTest" name="testConvertValueWorksProperly" time="0.001"/>
  <system-out/>
  <testcase classname="com.hotels.beans.conversion.ConverterTest" name="testConvertValueRaisesExceptionIfItsCalledWithNullTargetClassParam" time="0.001"/>
  <system-out/>
  <testcase classname="com.hotels.beans.conversion.ConverterTest" name="testConvertValueWorksProperly" time="0.000"/>
  <system-out/>
  <testcase classname="com.hotels.beans.conversion.ConverterTest" name="testConvertValueWorksProperly" time="0.001"/>
  <system-out/>
  <testcase classname="com.hotels.beans.conversion.ConverterTest" name="testConvertValueWorksProperly" time="0.001"/>
  <system-out/>
  <testcase classname="com.hotels.beans.conversion.ConverterTest" name="testConvertValueWorksProperly" time="0.001"/>
  <system-out/>
  <testcase classname="com.hotels.beans.conversion.ConverterTest" name="testConvertValueWorksProperly" time="0.001"/>
  <system-out/>
  <testcase classname="com.hotels.beans.conversion.ConverterTest" name="testConvertValueWorksProperly" time="0.000"/>
  <system-out/>
  <testcase classname="com.hotels.beans.conversion.ConverterTest" name="testConvertValueWorksProperly" time="0.120"/>
  <system-out/>
  <testcase classname="com.hotels.beans.conversion.ConverterTest" name="testConvertValueWorksProperly" time="0.000"/>
  <system-out/>
  <testcase classname="com.hotels.beans.conversion.ConverterTest" name="testConvertValueWorksProperly" time="0.001"/>
  <system-out/>
  <testcase classname="com.hotels.beans.conversion.ConverterTest" name="testConvertByteArrayValueWorksProperly" time="0.012"/>
  <system-out/>
  <testcase classname="com.hotels.beans.conversion.ConverterTest" name="testConvertValueWorksProperly" time="0.001"/>
  <system-out/>
</testsuite> <!-- com.hotels.beans.conversion.ConverterTest -->
