<?xml version="1.0" encoding="UTF-8"?>
<!-- Generated by org.testng.reporters.JUnitReportReporter -->
<testsuite hostname="ROMC02YH0EEJGH7" failures="0" tests="14" name="com.hotels.beans.conversion.processor.impl.CharacterConversionTest" time="0.006" errors="0" timestamp="2020-07-30T15:18:42 CEST" skipped="0">
  <testcase classname="com.hotels.beans.conversion.processor.impl.CharacterConversionTest" name="testConvertBigDecimalShouldReturnProperResult" time="0.003"/>
  <system-out/>
  <testcase classname="com.hotels.beans.conversion.processor.impl.CharacterConversionTest" name="testConvertByteArrayShouldReturnProperResult" time="0.000"/>
  <system-out/>
  <testcase classname="com.hotels.beans.conversion.processor.impl.CharacterConversionTest" name="testConvertBooleanShouldReturnProperResult" time="0.000"/>
  <system-out/>
  <testcase classname="com.hotels.beans.conversion.processor.impl.CharacterConversionTest" name="testConvertLongShouldReturnProperResult" time="0.000"/>
  <system-out/>
  <testcase classname="com.hotels.beans.conversion.processor.impl.CharacterConversionTest" name="testConvertByteArrayShouldThrowExceptionIfByteArrayIsTooSmall" time="0.000"/>
  <system-out/>
  <testcase classname="com.hotels.beans.conversion.processor.impl.CharacterConversionTest" name="testConvertBooleanShouldReturnProperResult" time="0.001"/>
  <system-out/>
  <testcase classname="com.hotels.beans.conversion.processor.impl.CharacterConversionTest" name="testConvertIntegerShouldReturnProperResult" time="0.001"/>
  <system-out/>
  <testcase classname="com.hotels.beans.conversion.processor.impl.CharacterConversionTest" name="testConvertDoubleShouldReturnProperResult" time="0.000"/>
  <system-out/>
  <testcase classname="com.hotels.beans.conversion.processor.impl.CharacterConversionTest" name="testConvertCharacterShouldReturnProperResult" time="0.000"/>
  <system-out/>
  <testcase classname="com.hotels.beans.conversion.processor.impl.CharacterConversionTest" name="testConvertByteShouldReturnProperResult" time="0.001"/>
  <system-out/>
  <testcase classname="com.hotels.beans.conversion.processor.impl.CharacterConversionTest" name="testConvertBigIntegerShouldReturnProperResult" time="0.000"/>
  <system-out/>
  <testcase classname="com.hotels.beans.conversion.processor.impl.CharacterConversionTest" name="testConvertStringShouldReturnProperResult" time="0.000"/>
  <system-out/>
  <testcase classname="com.hotels.beans.conversion.processor.impl.CharacterConversionTest" name="testConvertFloatShouldReturnProperResult" time="0.000"/>
  <system-out/>
  <testcase classname="com.hotels.beans.conversion.processor.impl.CharacterConversionTest" name="testConvertShortShouldReturnProperResult" time="0.000"/>
  <system-out/>
</testsuite> <!-- com.hotels.beans.conversion.processor.impl.CharacterConversionTest -->
