<?xml version="1.0" encoding="UTF-8"?>
<!-- Generated by org.testng.reporters.JUnitReportReporter -->
<testsuite hostname="ROMC02YH0EEJGH7" failures="0" tests="17" name="com.hotels.beans.conversion.analyzer.ConversionAnalyzerTest" time="0.383" errors="0" timestamp="2020-07-30T15:18:42 CEST" skipped="0">
  <testcase classname="com.hotels.beans.conversion.analyzer.ConversionAnalyzerTest" name="testGetConversionFunctionReturnsTheExpectedConversionFunction" time="0.001"/>
  <system-out/>
  <testcase classname="com.hotels.beans.conversion.analyzer.ConversionAnalyzerTest" name="testGetConversionFunctionReturnsTheExpectedConversionFunction" time="0.001"/>
  <system-out/>
  <testcase classname="com.hotels.beans.conversion.analyzer.ConversionAnalyzerTest" name="testGetConversionFunctionReturnsTheExpectedConversionFunction" time="0.000"/>
  <system-out/>
  <testcase classname="com.hotels.beans.conversion.analyzer.ConversionAnalyzerTest" name="testGetConversionFunctionReturnsTheExpectedConversionFunction" time="0.000"/>
  <system-out/>
  <testcase classname="com.hotels.beans.conversion.analyzer.ConversionAnalyzerTest" name="testGetConversionFunctionReturnsTheExpectedConversionFunction" time="0.000"/>
  <system-out/>
  <testcase classname="com.hotels.beans.conversion.analyzer.ConversionAnalyzerTest" name="testGetConversionFunctionReturnsAnEmptyOptional" time="0.013"/>
  <system-out/>
  <testcase classname="com.hotels.beans.conversion.analyzer.ConversionAnalyzerTest" name="testGetConversionFunctionReturnsTheExpectedConversionFunction" time="0.000"/>
  <system-out/>
  <testcase classname="com.hotels.beans.conversion.analyzer.ConversionAnalyzerTest" name="testGetConversionFunctionReturnsTheExpectedConversionFunction" time="0.000"/>
  <system-out/>
  <testcase classname="com.hotels.beans.conversion.analyzer.ConversionAnalyzerTest" name="testGetConversionFunctionReturnsAnEmptyOptional" time="0.003"/>
  <system-out/>
  <testcase classname="com.hotels.beans.conversion.analyzer.ConversionAnalyzerTest" name="testGetConversionFunctionReturnsTheExpectedConversionFunction" time="0.001"/>
  <system-out/>
  <testcase classname="com.hotels.beans.conversion.analyzer.ConversionAnalyzerTest" name="testGetConversionFunctionReturnsAnEmptyOptional" time="0.360"/>
  <system-out/>
  <testcase classname="com.hotels.beans.conversion.analyzer.ConversionAnalyzerTest" name="testGetConversionFunctionReturnsTheExpectedConversionFunction" time="0.000"/>
  <system-out/>
  <testcase classname="com.hotels.beans.conversion.analyzer.ConversionAnalyzerTest" name="testGetConversionFunctionReturnsTheExpectedConversionFunction" time="0.002"/>
  <system-out/>
  <testcase classname="com.hotels.beans.conversion.analyzer.ConversionAnalyzerTest" name="testGetConversionFunctionReturnsAnEmptyOptional" time="0.002"/>
  <system-out/>
  <testcase classname="com.hotels.beans.conversion.analyzer.ConversionAnalyzerTest" name="testGetConversionFunctionReturnsTheExpectedConversionFunction" time="0.000"/>
  <system-out/>
  <testcase classname="com.hotels.beans.conversion.analyzer.ConversionAnalyzerTest" name="testGetConversionFunctionReturnsTheExpectedConversionFunction" time="0.000"/>
  <system-out/>
  <testcase classname="com.hotels.beans.conversion.analyzer.ConversionAnalyzerTest" name="testGetConversionFunctionReturnsTheExpectedConversionFunction" time="0.000"/>
  <system-out/>
</testsuite> <!-- com.hotels.beans.conversion.analyzer.ConversionAnalyzerTest -->
