<?xml version="1.0" encoding="UTF-8"?>
<!-- Generated by org.testng.reporters.JUnitReportReporter -->
<testsuite hostname="ROMC02YH0EEJGH7" failures="0" tests="14" name="com.hotels.beans.conversion.processor.impl.IntegerConversionTest" time="0.005" errors="0" timestamp="2020-07-30T15:18:42 CEST" skipped="0">
  <testcase classname="com.hotels.beans.conversion.processor.impl.IntegerConversionTest" name="testConvertByteShouldReturnProperResult" time="0.000"/>
  <system-out/>
  <testcase classname="com.hotels.beans.conversion.processor.impl.IntegerConversionTest" name="testConvertDoubleShouldReturnProperResult" time="0.000"/>
  <system-out/>
  <testcase classname="com.hotels.beans.conversion.processor.impl.IntegerConversionTest" name="testConvertByteArrayShouldReturnProperResult" time="0.000"/>
  <system-out/>
  <testcase classname="com.hotels.beans.conversion.processor.impl.IntegerConversionTest" name="testConvertIntegerShouldReturnProperResult" time="0.000"/>
  <system-out/>
  <testcase classname="com.hotels.beans.conversion.processor.impl.IntegerConversionTest" name="testConvertCharacterShouldReturnProperResult" time="0.000"/>
  <system-out/>
  <testcase classname="com.hotels.beans.conversion.processor.impl.IntegerConversionTest" name="testConvertBooleanShouldReturnProperResult" time="0.000"/>
  <system-out/>
  <testcase classname="com.hotels.beans.conversion.processor.impl.IntegerConversionTest" name="testConvertBigIntegerShouldReturnProperResult" time="0.001"/>
  <system-out/>
  <testcase classname="com.hotels.beans.conversion.processor.impl.IntegerConversionTest" name="testConvertShortShouldReturnProperResult" time="0.000"/>
  <system-out/>
  <testcase classname="com.hotels.beans.conversion.processor.impl.IntegerConversionTest" name="testConvertLongShouldReturnProperResult" time="0.000"/>
  <system-out/>
  <testcase classname="com.hotels.beans.conversion.processor.impl.IntegerConversionTest" name="testConvertBigDecimalShouldReturnProperResult" time="0.004"/>
  <system-out/>
  <testcase classname="com.hotels.beans.conversion.processor.impl.IntegerConversionTest" name="testConvertStringShouldReturnProperResult" time="0.000"/>
  <system-out/>
  <testcase classname="com.hotels.beans.conversion.processor.impl.IntegerConversionTest" name="testConvertFloatShouldReturnProperResult" time="0.000"/>
  <system-out/>
  <testcase classname="com.hotels.beans.conversion.processor.impl.IntegerConversionTest" name="testConvertByteArrayShouldThrowExceptionIfByteArrayIsTooSmall" time="0.000"/>
  <system-out/>
  <testcase classname="com.hotels.beans.conversion.processor.impl.IntegerConversionTest" name="testConvertBooleanShouldReturnProperResult" time="0.000"/>
  <system-out/>
</testsuite> <!-- com.hotels.beans.conversion.processor.impl.IntegerConversionTest -->
