<?xml version="1.0" encoding="UTF-8"?>
<!-- Generated by org.testng.reporters.JUnitReportReporter -->
<testsuite hostname="ROMC02YH0EEJGH7" failures="0" tests="21" name="com.hotels.beans.conversion.processor.impl.BooleanConversionTest" time="0.013" errors="0" timestamp="2020-07-30T15:18:42 CEST" skipped="0">
  <testcase classname="com.hotels.beans.conversion.processor.impl.BooleanConversionTest" name="testConvertBigIntegerShouldReturnProperResult" time="0.000"/>
  <system-out/>
  <testcase classname="com.hotels.beans.conversion.processor.impl.BooleanConversionTest" name="testConvertBigIntegerShouldReturnProperResult" time="0.000"/>
  <system-out/>
  <testcase classname="com.hotels.beans.conversion.processor.impl.BooleanConversionTest" name="testConvertFloatShouldReturnProperResult" time="0.002"/>
  <system-out/>
  <testcase classname="com.hotels.beans.conversion.processor.impl.BooleanConversionTest" name="testConvertIntegerShouldReturnProperResult" time="0.000"/>
  <system-out/>
  <testcase classname="com.hotels.beans.conversion.processor.impl.BooleanConversionTest" name="testConvertIntegerShouldReturnProperResult" time="0.000"/>
  <system-out/>
  <testcase classname="com.hotels.beans.conversion.processor.impl.BooleanConversionTest" name="testConvertByteArrayShouldReturnProperResult" time="0.000"/>
  <system-out/>
  <testcase classname="com.hotels.beans.conversion.processor.impl.BooleanConversionTest" name="testConvertByteArrayShouldReturnProperResult" time="0.000"/>
  <system-out/>
  <testcase classname="com.hotels.beans.conversion.processor.impl.BooleanConversionTest" name="testConvertByteShouldReturnProperResult" time="0.001"/>
  <system-out/>
  <testcase classname="com.hotels.beans.conversion.processor.impl.BooleanConversionTest" name="testConvertFloatShouldReturnProperResult" time="0.001"/>
  <system-out/>
  <testcase classname="com.hotels.beans.conversion.processor.impl.BooleanConversionTest" name="testConvertShortShouldReturnProperResult" time="0.000"/>
  <system-out/>
  <testcase classname="com.hotels.beans.conversion.processor.impl.BooleanConversionTest" name="testConvertByteShouldReturnProperResult" time="0.001"/>
  <system-out/>
  <testcase classname="com.hotels.beans.conversion.processor.impl.BooleanConversionTest" name="testConvertDoubleShouldReturnProperResult" time="0.000"/>
  <system-out/>
  <testcase classname="com.hotels.beans.conversion.processor.impl.BooleanConversionTest" name="testConvertCharacterShouldReturnProperResult" time="0.001"/>
  <system-out/>
  <testcase classname="com.hotels.beans.conversion.processor.impl.BooleanConversionTest" name="testConvertBigIntegerShouldReturnProperResult" time="0.002"/>
  <system-out/>
  <testcase classname="com.hotels.beans.conversion.processor.impl.BooleanConversionTest" name="testConvertLongShouldReturnProperResult" time="0.000"/>
  <system-out/>
  <testcase classname="com.hotels.beans.conversion.processor.impl.BooleanConversionTest" name="testConvertShortShouldReturnProperResult" time="0.000"/>
  <system-out/>
  <testcase classname="com.hotels.beans.conversion.processor.impl.BooleanConversionTest" name="testConvertDoubleShouldReturnProperResult" time="0.001"/>
  <system-out/>
  <testcase classname="com.hotels.beans.conversion.processor.impl.BooleanConversionTest" name="testConvertBigIntegerShouldReturnProperResult" time="0.001"/>
  <system-out/>
  <testcase classname="com.hotels.beans.conversion.processor.impl.BooleanConversionTest" name="testConvertLongShouldReturnProperResult" time="0.002"/>
  <system-out/>
  <testcase classname="com.hotels.beans.conversion.processor.impl.BooleanConversionTest" name="testConvertStringShouldReturnProperResult" time="0.000"/>
  <system-out/>
  <testcase classname="com.hotels.beans.conversion.processor.impl.BooleanConversionTest" name="testConvertBooleanShouldReturnProperResult" time="0.001"/>
  <system-out/>
</testsuite> <!-- com.hotels.beans.conversion.processor.impl.BooleanConversionTest -->
