<?xml version="1.0" encoding="UTF-8"?>
<!-- Generated by org.testng.reporters.JUnitReportReporter -->
<testsuite hostname="ROMC02YH0EEJGH7" failures="0" tests="14" name="com.hotels.beans.conversion.processor.impl.BigIntegerConversionTest" time="0.007" errors="0" timestamp="2020-07-30T15:18:42 CEST" skipped="0">
  <testcase classname="com.hotels.beans.conversion.processor.impl.BigIntegerConversionTest" name="testConvertByteArrayShouldReturnProperResult" time="0.000"/>
  <system-out/>
  <testcase classname="com.hotels.beans.conversion.processor.impl.BigIntegerConversionTest" name="testConvertBooleanShouldReturnProperResult" time="0.001"/>
  <system-out/>
  <testcase classname="com.hotels.beans.conversion.processor.impl.BigIntegerConversionTest" name="testConvertBigDecimalShouldReturnProperResult" time="0.005"/>
  <system-out/>
  <testcase classname="com.hotels.beans.conversion.processor.impl.BigIntegerConversionTest" name="testConvertShortShouldReturnProperResult" time="0.000"/>
  <system-out/>
  <testcase classname="com.hotels.beans.conversion.processor.impl.BigIntegerConversionTest" name="testConvertBooleanShouldReturnProperResult" time="0.000"/>
  <system-out/>
  <testcase classname="com.hotels.beans.conversion.processor.impl.BigIntegerConversionTest" name="testConvertFloatShouldReturnProperResult" time="0.000"/>
  <system-out/>
  <testcase classname="com.hotels.beans.conversion.processor.impl.BigIntegerConversionTest" name="testConvertIntegerShouldReturnProperResult" time="0.000"/>
  <system-out/>
  <testcase classname="com.hotels.beans.conversion.processor.impl.BigIntegerConversionTest" name="testConvertByteShouldReturnProperResult" time="0.000"/>
  <system-out/>
  <testcase classname="com.hotels.beans.conversion.processor.impl.BigIntegerConversionTest" name="testConvertByteArrayShouldThrowExceptionIfByteArrayIsTooSmall" time="0.000"/>
  <system-out/>
  <testcase classname="com.hotels.beans.conversion.processor.impl.BigIntegerConversionTest" name="testConvertCharacterShouldReturnProperResult" time="0.000"/>
  <system-out/>
  <testcase classname="com.hotels.beans.conversion.processor.impl.BigIntegerConversionTest" name="testConvertDoubleShouldReturnProperResult" time="0.000"/>
  <system-out/>
  <testcase classname="com.hotels.beans.conversion.processor.impl.BigIntegerConversionTest" name="testConvertLongShouldReturnProperResult" time="0.000"/>
  <system-out/>
  <testcase classname="com.hotels.beans.conversion.processor.impl.BigIntegerConversionTest" name="testConvertStringShouldReturnProperResult" time="0.000"/>
  <system-out/>
  <testcase classname="com.hotels.beans.conversion.processor.impl.BigIntegerConversionTest" name="testConvertBigIntegerShouldReturnProperResult" time="0.001"/>
  <system-out/>
</testsuite> <!-- com.hotels.beans.conversion.processor.impl.BigIntegerConversionTest -->
