<?xml version="1.0" encoding="UTF-8"?>
<!-- Generated by org.testng.reporters.JUnitReportReporter -->
<testsuite hostname="ROMC02YH0EEJGH7" failures="0" tests="21" name="com.hotels.beans.conversion.processor.ConversionProcessorFactoryTest" time="0.003" errors="0" timestamp="2020-07-30T15:18:42 CEST" skipped="0">
  <testcase classname="com.hotels.beans.conversion.processor.ConversionProcessorFactoryTest" name="testGetConversionProcessorWorksAsExpected" time="0.000"/>
  <system-out/>
  <testcase classname="com.hotels.beans.conversion.processor.ConversionProcessorFactoryTest" name="testGetConversionProcessorWorksAsExpected" time="0.000"/>
  <system-out/>
  <testcase classname="com.hotels.beans.conversion.processor.ConversionProcessorFactoryTest" name="testGetConversionProcessorWorksAsExpected" time="0.000"/>
  <system-out/>
  <testcase classname="com.hotels.beans.conversion.processor.ConversionProcessorFactoryTest" name="testGetConversionProcessorWorksAsExpected" time="0.000"/>
  <system-out/>
  <testcase classname="com.hotels.beans.conversion.processor.ConversionProcessorFactoryTest" name="testGetConversionProcessorWorksAsExpected" time="0.000"/>
  <system-out/>
  <testcase classname="com.hotels.beans.conversion.processor.ConversionProcessorFactoryTest" name="testGetConversionProcessorWorksAsExpected" time="0.000"/>
  <system-out/>
  <testcase classname="com.hotels.beans.conversion.processor.ConversionProcessorFactoryTest" name="testGetConversionProcessorWorksAsExpected" time="0.000"/>
  <system-out/>
  <testcase classname="com.hotels.beans.conversion.processor.ConversionProcessorFactoryTest" name="testGetConversionProcessorWorksAsExpected" time="0.000"/>
  <system-out/>
  <testcase classname="com.hotels.beans.conversion.processor.ConversionProcessorFactoryTest" name="testGetConversionProcessorWorksAsExpected" time="0.000"/>
  <system-out/>
  <testcase classname="com.hotels.beans.conversion.processor.ConversionProcessorFactoryTest" name="testGetConversionProcessorWorksAsExpected" time="0.000"/>
  <system-out/>
  <testcase classname="com.hotels.beans.conversion.processor.ConversionProcessorFactoryTest" name="testGetConversionProcessorWorksAsExpected" time="0.000"/>
  <system-out/>
  <testcase classname="com.hotels.beans.conversion.processor.ConversionProcessorFactoryTest" name="testGetConversionProcessorWorksAsExpected" time="0.000"/>
  <system-out/>
  <testcase classname="com.hotels.beans.conversion.processor.ConversionProcessorFactoryTest" name="testGetConversionProcessorWorksAsExpected" time="0.000"/>
  <system-out/>
  <testcase classname="com.hotels.beans.conversion.processor.ConversionProcessorFactoryTest" name="testGetConversionProcessorWorksAsExpected" time="0.000"/>
  <system-out/>
  <testcase classname="com.hotels.beans.conversion.processor.ConversionProcessorFactoryTest" name="testGetConversionProcessorWorksAsExpected" time="0.000"/>
  <system-out/>
  <testcase classname="com.hotels.beans.conversion.processor.ConversionProcessorFactoryTest" name="testGetConversionProcessorWorksAsExpected" time="0.000"/>
  <system-out/>
  <testcase classname="com.hotels.beans.conversion.processor.ConversionProcessorFactoryTest" name="testGetConversionProcessorWorksAsExpected" time="0.000"/>
  <system-out/>
  <testcase classname="com.hotels.beans.conversion.processor.ConversionProcessorFactoryTest" name="testGetConversionProcessorWorksAsExpected" time="0.001"/>
  <system-out/>
  <testcase classname="com.hotels.beans.conversion.processor.ConversionProcessorFactoryTest" name="testGetConversionProcessorWorksAsExpected" time="0.000"/>
  <system-out/>
  <testcase classname="com.hotels.beans.conversion.processor.ConversionProcessorFactoryTest" name="testGetConversionProcessorReturnsNullInCaseNoProcessorExistsForTheGivenType" time="0.001"/>
  <system-out/>
  <testcase classname="com.hotels.beans.conversion.processor.ConversionProcessorFactoryTest" name="testGetConversionProcessorWorksAsExpected" time="0.001"/>
  <system-out/>
</testsuite> <!-- com.hotels.beans.conversion.processor.ConversionProcessorFactoryTest -->
