<?xml version="1.0" encoding="UTF-8"?>
<testsuite xmlns:xsi="http://www.w3.org/2001/XMLSchema-instance" xsi:noNamespaceSchemaLocation="https://maven.apache.org/surefire/maven-surefire-plugin/xsd/surefire-test-report.xsd" name="TestSuite" time="6.615" tests="371" errors="0" skipped="0" failures="0">
  <properties>
    <property name="gopherProxySet" value="false"/>
    <property name="awt.toolkit" value="sun.lwawt.macosx.LWCToolkit"/>
    <property name="java.specification.version" value="11"/>
    <property name="sun.cpu.isalist" value=""/>
    <property name="sun.jnu.encoding" value="UTF-8"/>
    <property name="java.class.path" value="/Users/fborriello/Development/GitHub/hotelsDotCom/bull/bull-converter/target/test-classes:/Users/fborriello/Development/GitHub/hotelsDotCom/bull/bull-converter/target/classes:/Users/fborriello/Development/GitHub/hotelsDotCom/bull/bull-common/target/bull-common-1.7.3.1.jar:/Users/fborriello/.m2/repository/org/apache/commons/commons-lang3/3.11/commons-lang3-3.11.jar:/Users/fborriello/.m2/repository/javax/validation/validation-api/2.0.1.Final/validation-api-2.0.1.Final.jar:/Users/fborriello/.m2/repository/javax/el/javax.el-api/3.0.0/javax.el-api-3.0.0.jar:/Users/fborriello/.m2/repository/org/glassfish/web/javax.el/2.2.6/javax.el-2.2.6.jar:/Users/fborriello/.m2/repository/org/hibernate/validator/hibernate-validator/6.1.5.Final/hibernate-validator-6.1.5.Final.jar:/Users/fborriello/.m2/repository/jakarta/validation/jakarta.validation-api/2.0.2/jakarta.validation-api-2.0.2.jar:/Users/fborriello/.m2/repository/org/jboss/logging/jboss-logging/3.3.2.Final/jboss-logging-3.3.2.Final.jar:/Users/fborriello/.m2/repository/com/fasterxml/classmate/1.3.4/classmate-1.3.4.jar:/Users/fborriello/.m2/repository/org/projectlombok/lombok/1.18.12/lombok-1.18.12.jar:/Users/fborriello/.m2/repository/org/assertj/assertj-core/3.16.1/assertj-core-3.16.1.jar:/Users/fborriello/.m2/repository/org/testng/testng/7.1.0/testng-7.1.0.jar:/Users/fborriello/.m2/repository/com/beust/jcommander/1.72/jcommander-1.72.jar:/Users/fborriello/.m2/repository/com/google/inject/guice/4.1.0/guice-4.1.0-no_aop.jar:/Users/fborriello/.m2/repository/javax/inject/javax.inject/1/javax.inject-1.jar:/Users/fborriello/.m2/repository/aopalliance/aopalliance/1.0/aopalliance-1.0.jar:/Users/fborriello/.m2/repository/org/mockito/mockito-core/3.4.6/mockito-core-3.4.6.jar:/Users/fborriello/.m2/repository/net/bytebuddy/byte-buddy/1.10.13/byte-buddy-1.10.13.jar:/Users/fborriello/.m2/repository/net/bytebuddy/byte-buddy-agent/1.10.13/byte-buddy-agent-1.10.13.jar:/Users/fborriello/.m2/repository/org/objenesis/objenesis/2.6/objenesis-2.6.jar:"/>
    <property name="java.vm.vendor" value="Oracle Corporation"/>
    <property name="sun.arch.data.model" value="64"/>
    <property name="java.vendor.url" value="http://java.oracle.com/"/>
    <property name="user.timezone" value=""/>
    <property name="java.vm.specification.version" value="11"/>
    <property name="os.name" value="Mac OS X"/>
    <property name="sun.java.launcher" value="SUN_STANDARD"/>
    <property name="user.country" value="GB"/>
    <property name="sun.boot.library.path" value="/Library/Java/JavaVirtualMachines/jdk-11.0.5.jdk/Contents/Home/lib"/>
    <property name="sun.java.command" value="/Users/fborriello/Development/GitHub/hotelsDotCom/bull/bull-converter/target/surefire/surefirebooter16649642631112831722.jar /Users/fborriello/Development/GitHub/hotelsDotCom/bull/bull-converter/target/surefire 2020-07-30T15-18-17_855-jvmRun1 surefire10527672131624934913tmp surefire_16626177909151953766tmp"/>
    <property name="jdk.debug" value="release"/>
    <property name="surefire.test.class.path" value="/Users/fborriello/Development/GitHub/hotelsDotCom/bull/bull-converter/target/test-classes:/Users/fborriello/Development/GitHub/hotelsDotCom/bull/bull-converter/target/classes:/Users/fborriello/Development/GitHub/hotelsDotCom/bull/bull-common/target/bull-common-1.7.3.1.jar:/Users/fborriello/.m2/repository/org/apache/commons/commons-lang3/3.11/commons-lang3-3.11.jar:/Users/fborriello/.m2/repository/javax/validation/validation-api/2.0.1.Final/validation-api-2.0.1.Final.jar:/Users/fborriello/.m2/repository/javax/el/javax.el-api/3.0.0/javax.el-api-3.0.0.jar:/Users/fborriello/.m2/repository/org/glassfish/web/javax.el/2.2.6/javax.el-2.2.6.jar:/Users/fborriello/.m2/repository/org/hibernate/validator/hibernate-validator/6.1.5.Final/hibernate-validator-6.1.5.Final.jar:/Users/fborriello/.m2/repository/jakarta/validation/jakarta.validation-api/2.0.2/jakarta.validation-api-2.0.2.jar:/Users/fborriello/.m2/repository/org/jboss/logging/jboss-logging/3.3.2.Final/jboss-logging-3.3.2.Final.jar:/Users/fborriello/.m2/repository/com/fasterxml/classmate/1.3.4/classmate-1.3.4.jar:/Users/fborriello/.m2/repository/org/projectlombok/lombok/1.18.12/lombok-1.18.12.jar:/Users/fborriello/.m2/repository/org/assertj/assertj-core/3.16.1/assertj-core-3.16.1.jar:/Users/fborriello/.m2/repository/org/testng/testng/7.1.0/testng-7.1.0.jar:/Users/fborriello/.m2/repository/com/beust/jcommander/1.72/jcommander-1.72.jar:/Users/fborriello/.m2/repository/com/google/inject/guice/4.1.0/guice-4.1.0-no_aop.jar:/Users/fborriello/.m2/repository/javax/inject/javax.inject/1/javax.inject-1.jar:/Users/fborriello/.m2/repository/aopalliance/aopalliance/1.0/aopalliance-1.0.jar:/Users/fborriello/.m2/repository/org/mockito/mockito-core/3.4.6/mockito-core-3.4.6.jar:/Users/fborriello/.m2/repository/net/bytebuddy/byte-buddy/1.10.13/byte-buddy-1.10.13.jar:/Users/fborriello/.m2/repository/net/bytebuddy/byte-buddy-agent/1.10.13/byte-buddy-agent-1.10.13.jar:/Users/fborriello/.m2/repository/org/objenesis/objenesis/2.6/objenesis-2.6.jar:"/>
    <property name="sun.cpu.endian" value="little"/>
    <property name="user.home" value="/Users/fborriello"/>
    <property name="user.language" value="en"/>
    <property name="java.specification.vendor" value="Oracle Corporation"/>
    <property name="java.version.date" value="2019-10-15"/>
    <property name="java.home" value="/Library/Java/JavaVirtualMachines/jdk-11.0.5.jdk/Contents/Home"/>
    <property name="file.separator" value="/"/>
    <property name="basedir" value="/Users/fborriello/Development/GitHub/hotelsDotCom/bull/bull-converter"/>
    <property name="java.vm.compressedOopsMode" value="Zero based"/>
    <property name="line.separator" value="&#10;"/>
    <property name="java.specification.name" value="Java Platform API Specification"/>
    <property name="java.vm.specification.vendor" value="Oracle Corporation"/>
    <property name="java.awt.graphicsenv" value="sun.awt.CGraphicsEnvironment"/>
    <property name="surefire.real.class.path" value="/Users/fborriello/Development/GitHub/hotelsDotCom/bull/bull-converter/target/surefire/surefirebooter16649642631112831722.jar"/>
    <property name="sun.management.compiler" value="HotSpot 64-Bit Tiered Compilers"/>
    <property name="java.runtime.version" value="11.0.5+10-LTS"/>
    <property name="user.name" value="fborriello"/>
    <property name="path.separator" value=":"/>
    <property name="os.version" value="10.15.6"/>
    <property name="java.runtime.name" value="Java(TM) SE Runtime Environment"/>
    <property name="file.encoding" value="UTF-8"/>
    <property name="java.vm.name" value="Java HotSpot(TM) 64-Bit Server VM"/>
    <property name="java.vendor.version" value="18.9"/>
    <property name="localRepository" value="/Users/fborriello/.m2/repository"/>
    <property name="java.vendor.url.bug" value="http://bugreport.java.com/bugreport/"/>
    <property name="java.io.tmpdir" value="/var/folders/kh/j0lt5zg935qb0vt1fxckx7nh0000gn/T/"/>
    <property name="java.version" value="11.0.5"/>
    <property name="user.dir" value="/Users/fborriello/Development/GitHub/hotelsDotCom/bull/bull-converter"/>
    <property name="os.arch" value="x86_64"/>
    <property name="java.vm.specification.name" value="Java Virtual Machine Specification"/>
    <property name="java.awt.printerjob" value="sun.lwawt.macosx.CPrinterJob"/>
    <property name="sun.os.patch.level" value="unknown"/>
    <property name="java.library.path" value="/Users/fborriello/Library/Java/Extensions:/Library/Java/Extensions:/Network/Library/Java/Extensions:/System/Library/Java/Extensions:/usr/lib/java:."/>
    <property name="java.vendor" value="Oracle Corporation"/>
    <property name="java.vm.info" value="mixed mode"/>
    <property name="java.vm.version" value="11.0.5+10-LTS"/>
    <property name="sun.io.unicode.encoding" value="UnicodeBig"/>
    <property name="maven.repo.local" value="/Users/fborriello/.m2/repository"/>
    <property name="java.class.version" value="55.0"/>
  </properties>
  <testcase name="testGetConversionFunctionReturnsAnEmptyOptional" classname="com.hotels.beans.conversion.analyzer.ConversionAnalyzerTest" time="0.357"/>
  <testcase name="testGetConversionFunctionReturnsAnEmptyOptional" classname="com.hotels.beans.conversion.analyzer.ConversionAnalyzerTest" time="0.014"/>
  <testcase name="testGetConversionFunctionReturnsAnEmptyOptional" classname="com.hotels.beans.conversion.analyzer.ConversionAnalyzerTest" time="0.004"/>
  <testcase name="testGetConversionFunctionReturnsAnEmptyOptional" classname="com.hotels.beans.conversion.analyzer.ConversionAnalyzerTest" time="0.003"/>
  <testcase name="testGetConversionFunctionReturnsTheExpectedConversionFunction" classname="com.hotels.beans.conversion.analyzer.ConversionAnalyzerTest" time="0.002"/>
  <testcase name="testGetConversionFunctionReturnsTheExpectedConversionFunction" classname="com.hotels.beans.conversion.analyzer.ConversionAnalyzerTest" time="0"/>
  <testcase name="testGetConversionFunctionReturnsTheExpectedConversionFunction" classname="com.hotels.beans.conversion.analyzer.ConversionAnalyzerTest" time="0.001"/>
  <testcase name="testGetConversionFunctionReturnsTheExpectedConversionFunction" classname="com.hotels.beans.conversion.analyzer.ConversionAnalyzerTest" time="0"/>
  <testcase name="testGetConversionFunctionReturnsTheExpectedConversionFunction" classname="com.hotels.beans.conversion.analyzer.ConversionAnalyzerTest" time="0"/>
  <testcase name="testGetConversionFunctionReturnsTheExpectedConversionFunction" classname="com.hotels.beans.conversion.analyzer.ConversionAnalyzerTest" time="0"/>
  <testcase name="testGetConversionFunctionReturnsTheExpectedConversionFunction" classname="com.hotels.beans.conversion.analyzer.ConversionAnalyzerTest" time="0"/>
  <testcase name="testGetConversionFunctionReturnsTheExpectedConversionFunction" classname="com.hotels.beans.conversion.analyzer.ConversionAnalyzerTest" time="0"/>
  <testcase name="testGetConversionFunctionReturnsTheExpectedConversionFunction" classname="com.hotels.beans.conversion.analyzer.ConversionAnalyzerTest" time="0"/>
  <testcase name="testGetConversionFunctionReturnsTheExpectedConversionFunction" classname="com.hotels.beans.conversion.analyzer.ConversionAnalyzerTest" time="0"/>
  <testcase name="testGetConversionFunctionReturnsTheExpectedConversionFunction" classname="com.hotels.beans.conversion.analyzer.ConversionAnalyzerTest" time="0"/>
  <testcase name="testGetConversionFunctionReturnsTheExpectedConversionFunction" classname="com.hotels.beans.conversion.analyzer.ConversionAnalyzerTest" time="0"/>
  <testcase name="testGetConversionFunctionReturnsTheExpectedConversionFunction" classname="com.hotels.beans.conversion.analyzer.ConversionAnalyzerTest" time="0"/>
  <testcase name="testConvertByteArrayValueWorksProperly" classname="com.hotels.beans.conversion.ConverterTest" time="0.024"/>
  <testcase name="testConvertByteArrayValueWorksProperly" classname="com.hotels.beans.conversion.ConverterTest" time="0"/>
  <testcase name="testConvertByteArrayValueWorksProperly" classname="com.hotels.beans.conversion.ConverterTest" time="0.002"/>
  <testcase name="testConvertByteArrayValueWorksProperly" classname="com.hotels.beans.conversion.ConverterTest" time="0.001"/>
  <testcase name="testConvertByteArrayValueWorksProperly" classname="com.hotels.beans.conversion.ConverterTest" time="0.001"/>
  <testcase name="testConvertByteArrayValueWorksProperly" classname="com.hotels.beans.conversion.ConverterTest" time="0.042"/>
  <testcase name="testConvertByteArrayValueWorksProperly" classname="com.hotels.beans.conversion.ConverterTest" time="0.001"/>
  <testcase name="testConvertByteArrayValueWorksProperly" classname="com.hotels.beans.conversion.ConverterTest" time="0.001"/>
  <testcase name="testConvertByteArrayValueWorksProperly" classname="com.hotels.beans.conversion.ConverterTest" time="0.016"/>
  <testcase name="testConvertByteArrayValueWorksProperly" classname="com.hotels.beans.conversion.ConverterTest" time="0.001"/>
  <testcase name="testConvertByteArrayValueWorksProperly" classname="com.hotels.beans.conversion.ConverterTest" time="0.002"/>
  <testcase name="testConvertByteArrayValueWorksProperly" classname="com.hotels.beans.conversion.ConverterTest" time="0.001"/>
  <testcase name="testConvertValueRaisesExceptionIfItsCalledWithNullTargetClassParam" classname="com.hotels.beans.conversion.ConverterTest" time="0.001"/>
  <testcase name="testConvertValueRaisesExceptionInCaseNoConverterIsDefined" classname="com.hotels.beans.conversion.ConverterTest" time="0.001"/>
  <testcase name="testConvertValueWorksProperly" classname="com.hotels.beans.conversion.ConverterTest" time="0.003"/>
  <testcase name="testConvertValueWorksProperly" classname="com.hotels.beans.conversion.ConverterTest" time="0.001"/>
  <testcase name="testConvertValueWorksProperly" classname="com.hotels.beans.conversion.ConverterTest" time="0"/>
  <testcase name="testConvertValueWorksProperly" classname="com.hotels.beans.conversion.ConverterTest" time="0.001"/>
  <testcase name="testConvertValueWorksProperly" classname="com.hotels.beans.conversion.ConverterTest" time="0.001"/>
  <testcase name="testConvertValueWorksProperly" classname="com.hotels.beans.conversion.ConverterTest" time="0.007"/>
  <testcase name="testConvertValueWorksProperly" classname="com.hotels.beans.conversion.ConverterTest" time="0.001"/>
  <testcase name="testConvertValueWorksProperly" classname="com.hotels.beans.conversion.ConverterTest" time="0.002"/>
  <testcase name="testConvertValueWorksProperly" classname="com.hotels.beans.conversion.ConverterTest" time="0.001"/>
  <testcase name="testConvertValueWorksProperly" classname="com.hotels.beans.conversion.ConverterTest" time="0.001"/>
  <testcase name="testConvertValueWorksProperly" classname="com.hotels.beans.conversion.ConverterTest" time="0"/>
  <testcase name="testConvertValueWorksProperly" classname="com.hotels.beans.conversion.ConverterTest" time="0"/>
  <testcase name="testConvertValueWorksProperly" classname="com.hotels.beans.conversion.ConverterTest" time="0"/>
  <testcase name="testConvertValueWorksProperly" classname="com.hotels.beans.conversion.ConverterTest" time="0"/>
  <testcase name="testConvertValueWorksProperly" classname="com.hotels.beans.conversion.ConverterTest" time="0.001"/>
  <testcase name="testConvertValueWorksProperly" classname="com.hotels.beans.conversion.ConverterTest" time="0.002"/>
  <testcase name="testConvertValueWorksProperly" classname="com.hotels.beans.conversion.ConverterTest" time="0.002"/>
  <testcase name="testConvertValueWorksProperly" classname="com.hotels.beans.conversion.ConverterTest" time="0.001"/>
  <testcase name="testConvertValueWorksProperly" classname="com.hotels.beans.conversion.ConverterTest" time="0.001"/>
  <testcase name="testConvertValueWorksProperly" classname="com.hotels.beans.conversion.ConverterTest" time="0"/>
  <testcase name="testConvertValueWorksProperly" classname="com.hotels.beans.conversion.ConverterTest" time="0.001"/>
  <testcase name="testConvertValueWorksProperly" classname="com.hotels.beans.conversion.ConverterTest" time="0.001"/>
  <testcase name="testConvertValueWorksProperly" classname="com.hotels.beans.conversion.ConverterTest" time="0"/>
  <testcase name="testConvertValueWorksProperly" classname="com.hotels.beans.conversion.ConverterTest" time="0.001"/>
  <testcase name="testConvertValueWorksProperly" classname="com.hotels.beans.conversion.ConverterTest" time="0.001"/>
  <testcase name="testConvertValueWorksProperly" classname="com.hotels.beans.conversion.ConverterTest" time="0.002"/>
  <testcase name="testConvertValueWorksProperly" classname="com.hotels.beans.conversion.ConverterTest" time="0.001"/>
  <testcase name="testConvertValueWorksProperly" classname="com.hotels.beans.conversion.ConverterTest" time="0.001"/>
  <testcase name="testConvertValueWorksProperly" classname="com.hotels.beans.conversion.ConverterTest" time="0"/>
  <testcase name="testConvertValueWorksProperly" classname="com.hotels.beans.conversion.ConverterTest" time="0.001"/>
  <testcase name="testConvertValueWorksProperly" classname="com.hotels.beans.conversion.ConverterTest" time="0.001"/>
  <testcase name="testConvertValueWorksProperly" classname="com.hotels.beans.conversion.ConverterTest" time="0.001"/>
  <testcase name="testConvertValueWorksProperly" classname="com.hotels.beans.conversion.ConverterTest" time="0.001"/>
  <testcase name="testConvertValueWorksProperly" classname="com.hotels.beans.conversion.ConverterTest" time="0.036"/>
  <testcase name="testConvertValueWorksProperly" classname="com.hotels.beans.conversion.ConverterTest" time="0.007"/>
  <testcase name="testConvertValueWorksProperly" classname="com.hotels.beans.conversion.ConverterTest" time="0.001"/>
  <testcase name="testConvertValueWorksProperly" classname="com.hotels.beans.conversion.ConverterTest" time="0.005"/>
  <testcase name="testConvertValueWorksProperly" classname="com.hotels.beans.conversion.ConverterTest" time="0.001"/>
  <testcase name="testConvertValueWorksProperly" classname="com.hotels.beans.conversion.ConverterTest" time="0.001"/>
  <testcase name="testConvertValueWorksProperly" classname="com.hotels.beans.conversion.ConverterTest" time="0.001"/>
  <testcase name="testConvertValueWorksProperly" classname="com.hotels.beans.conversion.ConverterTest" time="0.001"/>
  <testcase name="testConvertValueWorksProperly" classname="com.hotels.beans.conversion.ConverterTest" time="0"/>
  <testcase name="testConvertValueWorksProperly" classname="com.hotels.beans.conversion.ConverterTest" time="0"/>
  <testcase name="testConvertValueWorksProperly" classname="com.hotels.beans.conversion.ConverterTest" time="0.004"/>
  <testcase name="testConvertValueWorksProperly" classname="com.hotels.beans.conversion.ConverterTest" time="0.001"/>
  <testcase name="testConvertValueWorksProperly" classname="com.hotels.beans.conversion.ConverterTest" time="0"/>
  <testcase name="testConvertValueWorksProperly" classname="com.hotels.beans.conversion.ConverterTest" time="0.002"/>
  <testcase name="testConvertValueWorksProperly" classname="com.hotels.beans.conversion.ConverterTest" time="0.001"/>
  <testcase name="testConvertValueWorksProperly" classname="com.hotels.beans.conversion.ConverterTest" time="0.001"/>
  <testcase name="testConvertValueWorksProperly" classname="com.hotels.beans.conversion.ConverterTest" time="0"/>
  <testcase name="testConvertValueWorksProperly" classname="com.hotels.beans.conversion.ConverterTest" time="0"/>
  <testcase name="testConvertValueWorksProperly" classname="com.hotels.beans.conversion.ConverterTest" time="0.001"/>
  <testcase name="testConvertValueWorksProperly" classname="com.hotels.beans.conversion.ConverterTest" time="0.002"/>
  <testcase name="testConvertValueWorksProperly" classname="com.hotels.beans.conversion.ConverterTest" time="0"/>
  <testcase name="testConvertValueWorksProperly" classname="com.hotels.beans.conversion.ConverterTest" time="0"/>
  <testcase name="testConvertValueWorksProperly" classname="com.hotels.beans.conversion.ConverterTest" time="0.001"/>
  <testcase name="testConvertValueWorksProperly" classname="com.hotels.beans.conversion.ConverterTest" time="0.001"/>
  <testcase name="testConvertValueWorksProperly" classname="com.hotels.beans.conversion.ConverterTest" time="0.001"/>
  <testcase name="testConvertValueWorksProperly" classname="com.hotels.beans.conversion.ConverterTest" time="0.003"/>
  <testcase name="testConvertValueWorksProperly" classname="com.hotels.beans.conversion.ConverterTest" time="0.001"/>
  <testcase name="testConvertValueWorksProperly" classname="com.hotels.beans.conversion.ConverterTest" time="0.002"/>
  <testcase name="testConvertValueWorksProperly" classname="com.hotels.beans.conversion.ConverterTest" time="0.119"/>
  <testcase name="testConvertValueWorksProperly" classname="com.hotels.beans.conversion.ConverterTest" time="0.001"/>
  <testcase name="testConvertValueWorksProperly" classname="com.hotels.beans.conversion.ConverterTest" time="0"/>
  <testcase name="testConvertValueWorksProperly" classname="com.hotels.beans.conversion.ConverterTest" time="0"/>
  <testcase name="testConvertValueWorksProperly" classname="com.hotels.beans.conversion.ConverterTest" time="0.001"/>
  <testcase name="testConvertValueWorksProperly" classname="com.hotels.beans.conversion.ConverterTest" time="0.006"/>
  <testcase name="testConvertValueWorksProperly" classname="com.hotels.beans.conversion.ConverterTest" time="0.002"/>
  <testcase name="testConvertValueWorksProperly" classname="com.hotels.beans.conversion.ConverterTest" time="0.001"/>
  <testcase name="testConvertValueWorksProperly" classname="com.hotels.beans.conversion.ConverterTest" time="0"/>
  <testcase name="testConvertValueWorksProperly" classname="com.hotels.beans.conversion.ConverterTest" time="0"/>
  <testcase name="testConvertValueWorksProperly" classname="com.hotels.beans.conversion.ConverterTest" time="0.006"/>
  <testcase name="testConvertValueWorksProperly" classname="com.hotels.beans.conversion.ConverterTest" time="0.031"/>
  <testcase name="testConvertValueWorksProperly" classname="com.hotels.beans.conversion.ConverterTest" time="0.003"/>
  <testcase name="testConvertValueWorksProperly" classname="com.hotels.beans.conversion.ConverterTest" time="0.001"/>
  <testcase name="testConvertValueWorksProperly" classname="com.hotels.beans.conversion.ConverterTest" time="0.001"/>
  <testcase name="testConvertValueWorksProperly" classname="com.hotels.beans.conversion.ConverterTest" time="0.001"/>
  <testcase name="testConvertValueWorksProperly" classname="com.hotels.beans.conversion.ConverterTest" time="0.001"/>
  <testcase name="testConvertValueWorksProperly" classname="com.hotels.beans.conversion.ConverterTest" time="0.004"/>
  <testcase name="testConvertValueWorksProperly" classname="com.hotels.beans.conversion.ConverterTest" time="0.001"/>
  <testcase name="testConvertValueWorksProperly" classname="com.hotels.beans.conversion.ConverterTest" time="0"/>
  <testcase name="testConvertValueWorksProperly" classname="com.hotels.beans.conversion.ConverterTest" time="0"/>
  <testcase name="testConvertValueWorksProperly" classname="com.hotels.beans.conversion.ConverterTest" time="0.003"/>
  <testcase name="testConvertValueWorksProperly" classname="com.hotels.beans.conversion.ConverterTest" time="0.002"/>
  <testcase name="testConvertValueWorksProperly" classname="com.hotels.beans.conversion.ConverterTest" time="0.001"/>
  <testcase name="testConvertValueWorksProperly" classname="com.hotels.beans.conversion.ConverterTest" time="0.003"/>
  <testcase name="testConvertValueWorksProperly" classname="com.hotels.beans.conversion.ConverterTest" time="0"/>
  <testcase name="testConvertValueWorksProperly" classname="com.hotels.beans.conversion.ConverterTest" time="0.001"/>
  <testcase name="testConvertValueWorksProperly" classname="com.hotels.beans.conversion.ConverterTest" time="0.001"/>
  <testcase name="testConvertValueWorksProperly" classname="com.hotels.beans.conversion.ConverterTest" time="0.001"/>
  <testcase name="testConvertValueWorksProperly" classname="com.hotels.beans.conversion.ConverterTest" time="0.001"/>
  <testcase name="testConvertValueWorksProperly" classname="com.hotels.beans.conversion.ConverterTest" time="0.001"/>
  <testcase name="testConvertValueWorksProperly" classname="com.hotels.beans.conversion.ConverterTest" time="0.001"/>
  <testcase name="testConvertValueWorksProperly" classname="com.hotels.beans.conversion.ConverterTest" time="0.001"/>
  <testcase name="testConvertValueWorksProperly" classname="com.hotels.beans.conversion.ConverterTest" time="0.001"/>
  <testcase name="testConvertValueWorksProperly" classname="com.hotels.beans.conversion.ConverterTest" time="0.001"/>
  <testcase name="testConvertValueWorksProperly" classname="com.hotels.beans.conversion.ConverterTest" time="0.002"/>
  <testcase name="testConvertValueWorksProperly" classname="com.hotels.beans.conversion.ConverterTest" time="0"/>
  <testcase name="testConvertValueWorksProperly" classname="com.hotels.beans.conversion.ConverterTest" time="0.001"/>
  <testcase name="testConvertValueWorksProperly" classname="com.hotels.beans.conversion.ConverterTest" time="0.001"/>
  <testcase name="testConvertValueWorksProperly" classname="com.hotels.beans.conversion.ConverterTest" time="0.001"/>
  <testcase name="testConvertValueWorksProperly" classname="com.hotels.beans.conversion.ConverterTest" time="0"/>
  <testcase name="testConvertValueWorksProperly" classname="com.hotels.beans.conversion.ConverterTest" time="0.001"/>
  <testcase name="testConvertValueWorksProperly" classname="com.hotels.beans.conversion.ConverterTest" time="0"/>
  <testcase name="testConvertValueWorksProperly" classname="com.hotels.beans.conversion.ConverterTest" time="0.001"/>
  <testcase name="testConvertValueWorksProperly" classname="com.hotels.beans.conversion.ConverterTest" time="0"/>
  <testcase name="testConvertValueWorksProperly" classname="com.hotels.beans.conversion.ConverterTest" time="0.001"/>
  <testcase name="testConvertValueWorksProperly" classname="com.hotels.beans.conversion.ConverterTest" time="0.001"/>
  <testcase name="testConvertValueWorksProperly" classname="com.hotels.beans.conversion.ConverterTest" time="0.055"/>
  <testcase name="testConvertValueWorksProperly" classname="com.hotels.beans.conversion.ConverterTest" time="0.016"/>
  <testcase name="testConvertValueWorksProperly" classname="com.hotels.beans.conversion.ConverterTest" time="0.001"/>
  <testcase name="testConvertValueWorksProperly" classname="com.hotels.beans.conversion.ConverterTest" time="0.002"/>
  <testcase name="testConvertValueWorksProperly" classname="com.hotels.beans.conversion.ConverterTest" time="0.001"/>
  <testcase name="testConvertValueWorksProperly" classname="com.hotels.beans.conversion.ConverterTest" time="0.001"/>
  <testcase name="testConvertValueWorksProperly" classname="com.hotels.beans.conversion.ConverterTest" time="0.001"/>
  <testcase name="testConvertValueWorksProperly" classname="com.hotels.beans.conversion.ConverterTest" time="0.001"/>
  <testcase name="testConvertValueWorksProperly" classname="com.hotels.beans.conversion.ConverterTest" time="0.001"/>
  <testcase name="testConvertValueWorksProperly" classname="com.hotels.beans.conversion.ConverterTest" time="0.004"/>
  <testcase name="testConvertValueWorksProperly" classname="com.hotels.beans.conversion.ConverterTest" time="0.003"/>
  <testcase name="testConvertValueWorksProperly" classname="com.hotels.beans.conversion.ConverterTest" time="0.001"/>
  <testcase name="testConvertValueWorksProperly" classname="com.hotels.beans.conversion.ConverterTest" time="0"/>
  <testcase name="testConvertValueWorksProperly" classname="com.hotels.beans.conversion.ConverterTest" time="0.001"/>
  <testcase name="testConvertValueWorksProperly" classname="com.hotels.beans.conversion.ConverterTest" time="0.012"/>
  <testcase name="testConvertValueWorksProperly" classname="com.hotels.beans.conversion.ConverterTest" time="0.004"/>
  <testcase name="testConvertValueWorksProperly" classname="com.hotels.beans.conversion.ConverterTest" time="0"/>
  <testcase name="testConvertValueWorksProperly" classname="com.hotels.beans.conversion.ConverterTest" time="0.002"/>
  <testcase name="testConvertValueWorksProperly" classname="com.hotels.beans.conversion.ConverterTest" time="0.001"/>
  <testcase name="testConvertValueWorksProperly" classname="com.hotels.beans.conversion.ConverterTest" time="0.001"/>
  <testcase name="testConvertValueWorksProperly" classname="com.hotels.beans.conversion.ConverterTest" time="0.002"/>
  <testcase name="testConvertValueWorksProperly" classname="com.hotels.beans.conversion.ConverterTest" time="0"/>
  <testcase name="testConvertValueWorksProperly" classname="com.hotels.beans.conversion.ConverterTest" time="0"/>
  <testcase name="testConvertValueWorksProperly" classname="com.hotels.beans.conversion.ConverterTest" time="0"/>
  <testcase name="testConvertValueWorksProperly" classname="com.hotels.beans.conversion.ConverterTest" time="0.001"/>
  <testcase name="testGetConversionFunctionReturnsAnEmptyOptional" classname="com.hotels.beans.conversion.ConverterTest" time="0"/>
  <testcase name="testGetConversionFunctionReturnsAnEmptyOptional" classname="com.hotels.beans.conversion.ConverterTest" time="0"/>
  <testcase name="testGetConversionFunctionReturnsTheExpectedConversionFunction" classname="com.hotels.beans.conversion.ConverterTest" time="0"/>
  <testcase name="testGetConversionFunctionReturnsTheExpectedConversionFunction" classname="com.hotels.beans.conversion.ConverterTest" time="0"/>
  <testcase name="testGetConversionFunctionReturnsTheExpectedConversionFunction" classname="com.hotels.beans.conversion.ConverterTest" time="0"/>
  <testcase name="testGetConversionFunctionReturnsTheExpectedConversionFunction" classname="com.hotels.beans.conversion.ConverterTest" time="0.001"/>
  <testcase name="testGetConversionFunctionReturnsTheExpectedConversionFunction" classname="com.hotels.beans.conversion.ConverterTest" time="0"/>
  <testcase name="testGetConversionFunctionReturnsTheExpectedConversionFunction" classname="com.hotels.beans.conversion.ConverterTest" time="0.001"/>
  <testcase name="testGetConversionFunctionReturnsTheExpectedConversionFunction" classname="com.hotels.beans.conversion.ConverterTest" time="0"/>
  <testcase name="testGetConversionFunctionReturnsTheExpectedConversionFunction" classname="com.hotels.beans.conversion.ConverterTest" time="0"/>
  <testcase name="testGetConversionFunctionReturnsTheExpectedConversionFunction" classname="com.hotels.beans.conversion.ConverterTest" time="0.001"/>
  <testcase name="testGetConversionFunctionReturnsTheExpectedConversionFunction" classname="com.hotels.beans.conversion.ConverterTest" time="0"/>
  <testcase name="testGetConversionFunctionReturnsTheExpectedConversionFunction" classname="com.hotels.beans.conversion.ConverterTest" time="0.001"/>
  <testcase name="testGetConversionFunctionReturnsTheExpectedConversionFunction" classname="com.hotels.beans.conversion.ConverterTest" time="0.001"/>
  <testcase name="testGetConversionFunctionReturnsTheExpectedConversionFunction" classname="com.hotels.beans.conversion.ConverterTest" time="0"/>
  <testcase name="testConvertBigDecimalShouldReturnProperResult" classname="com.hotels.beans.conversion.processor.impl.FloatConversionTest" time="0.01"/>
  <testcase name="testConvertBigIntegerShouldReturnProperResult" classname="com.hotels.beans.conversion.processor.impl.FloatConversionTest" time="0.002"/>
  <testcase name="testConvertBooleanShouldReturnProperResult" classname="com.hotels.beans.conversion.processor.impl.FloatConversionTest" time="0.004"/>
  <testcase name="testConvertBooleanShouldReturnProperResult" classname="com.hotels.beans.conversion.processor.impl.FloatConversionTest" time="0"/>
  <testcase name="testConvertByteArrayShouldReturnProperResult" classname="com.hotels.beans.conversion.processor.impl.FloatConversionTest" time="0.001"/>
  <testcase name="testConvertByteArrayShouldThrowExceptionIfByteArrayIsTooSmall" classname="com.hotels.beans.conversion.processor.impl.FloatConversionTest" time="0.001"/>
  <testcase name="testConvertByteShouldReturnProperResult" classname="com.hotels.beans.conversion.processor.impl.FloatConversionTest" time="0"/>
  <testcase name="testConvertCharacterShouldReturnProperResult" classname="com.hotels.beans.conversion.processor.impl.FloatConversionTest" time="0"/>
  <testcase name="testConvertDoubleShouldReturnProperResult" classname="com.hotels.beans.conversion.processor.impl.FloatConversionTest" time="0"/>
  <testcase name="testConvertFloatShouldReturnProperResult" classname="com.hotels.beans.conversion.processor.impl.FloatConversionTest" time="0"/>
  <testcase name="testConvertIntegerShouldReturnProperResult" classname="com.hotels.beans.conversion.processor.impl.FloatConversionTest" time="0"/>
  <testcase name="testConvertLongShouldReturnProperResult" classname="com.hotels.beans.conversion.processor.impl.FloatConversionTest" time="0"/>
  <testcase name="testConvertShortShouldReturnProperResult" classname="com.hotels.beans.conversion.processor.impl.FloatConversionTest" time="0"/>
  <testcase name="testConvertStringShouldReturnProperResult" classname="com.hotels.beans.conversion.processor.impl.FloatConversionTest" time="0"/>
  <testcase name="testConvertBigDecimalShouldReturnProperResult" classname="com.hotels.beans.conversion.processor.impl.LongConversionTest" time="0.06"/>
  <testcase name="testConvertBigIntegerShouldReturnProperResult" classname="com.hotels.beans.conversion.processor.impl.LongConversionTest" time="0"/>
  <testcase name="testConvertBooleanShouldReturnProperResult" classname="com.hotels.beans.conversion.processor.impl.LongConversionTest" time="0"/>
  <testcase name="testConvertBooleanShouldReturnProperResult" classname="com.hotels.beans.conversion.processor.impl.LongConversionTest" time="0"/>
  <testcase name="testConvertByteArrayShouldReturnProperResult" classname="com.hotels.beans.conversion.processor.impl.LongConversionTest" time="0"/>
  <testcase name="testConvertByteArrayShouldThrowExceptionIfByteArrayIsTooSmall" classname="com.hotels.beans.conversion.processor.impl.LongConversionTest" time="0"/>
  <testcase name="testConvertByteShouldReturnProperResult" classname="com.hotels.beans.conversion.processor.impl.LongConversionTest" time="0"/>
  <testcase name="testConvertCharacterShouldReturnProperResult" classname="com.hotels.beans.conversion.processor.impl.LongConversionTest" time="0"/>
  <testcase name="testConvertDoubleShouldReturnProperResult" classname="com.hotels.beans.conversion.processor.impl.LongConversionTest" time="0"/>
  <testcase name="testConvertFloatShouldReturnProperResult" classname="com.hotels.beans.conversion.processor.impl.LongConversionTest" time="0"/>
  <testcase name="testConvertIntegerShouldReturnProperResult" classname="com.hotels.beans.conversion.processor.impl.LongConversionTest" time="0"/>
  <testcase name="testConvertLongShouldReturnProperResult" classname="com.hotels.beans.conversion.processor.impl.LongConversionTest" time="0.001"/>
  <testcase name="testConvertShortShouldReturnProperResult" classname="com.hotels.beans.conversion.processor.impl.LongConversionTest" time="0.001"/>
  <testcase name="testConvertStringShouldReturnProperResult" classname="com.hotels.beans.conversion.processor.impl.LongConversionTest" time="0"/>
  <testcase name="testConvertBigDecimalShouldReturnProperResult" classname="com.hotels.beans.conversion.processor.impl.IntegerConversionTest" time="0.005"/>
  <testcase name="testConvertBigIntegerShouldReturnProperResult" classname="com.hotels.beans.conversion.processor.impl.IntegerConversionTest" time="0.001"/>
  <testcase name="testConvertBooleanShouldReturnProperResult" classname="com.hotels.beans.conversion.processor.impl.IntegerConversionTest" time="0"/>
  <testcase name="testConvertBooleanShouldReturnProperResult" classname="com.hotels.beans.conversion.processor.impl.IntegerConversionTest" time="0"/>
  <testcase name="testConvertByteArrayShouldReturnProperResult" classname="com.hotels.beans.conversion.processor.impl.IntegerConversionTest" time="0"/>
  <testcase name="testConvertByteArrayShouldThrowExceptionIfByteArrayIsTooSmall" classname="com.hotels.beans.conversion.processor.impl.IntegerConversionTest" time="0.001"/>
  <testcase name="testConvertByteShouldReturnProperResult" classname="com.hotels.beans.conversion.processor.impl.IntegerConversionTest" time="0"/>
  <testcase name="testConvertCharacterShouldReturnProperResult" classname="com.hotels.beans.conversion.processor.impl.IntegerConversionTest" time="0"/>
  <testcase name="testConvertDoubleShouldReturnProperResult" classname="com.hotels.beans.conversion.processor.impl.IntegerConversionTest" time="0"/>
  <testcase name="testConvertFloatShouldReturnProperResult" classname="com.hotels.beans.conversion.processor.impl.IntegerConversionTest" time="0"/>
  <testcase name="testConvertIntegerShouldReturnProperResult" classname="com.hotels.beans.conversion.processor.impl.IntegerConversionTest" time="0"/>
  <testcase name="testConvertLongShouldReturnProperResult" classname="com.hotels.beans.conversion.processor.impl.IntegerConversionTest" time="0"/>
  <testcase name="testConvertShortShouldReturnProperResult" classname="com.hotels.beans.conversion.processor.impl.IntegerConversionTest" time="0"/>
  <testcase name="testConvertStringShouldReturnProperResult" classname="com.hotels.beans.conversion.processor.impl.IntegerConversionTest" time="0"/>
  <testcase name="testConvertBigDecimalShouldReturnProperResult" classname="com.hotels.beans.conversion.processor.impl.CharacterConversionTest" time="0.003"/>
  <testcase name="testConvertBigIntegerShouldReturnProperResult" classname="com.hotels.beans.conversion.processor.impl.CharacterConversionTest" time="0"/>
  <testcase name="testConvertBooleanShouldReturnProperResult" classname="com.hotels.beans.conversion.processor.impl.CharacterConversionTest" time="0"/>
  <testcase name="testConvertBooleanShouldReturnProperResult" classname="com.hotels.beans.conversion.processor.impl.CharacterConversionTest" time="0"/>
  <testcase name="testConvertByteArrayShouldReturnProperResult" classname="com.hotels.beans.conversion.processor.impl.CharacterConversionTest" time="0"/>
  <testcase name="testConvertByteArrayShouldThrowExceptionIfByteArrayIsTooSmall" classname="com.hotels.beans.conversion.processor.impl.CharacterConversionTest" time="0.001"/>
  <testcase name="testConvertByteShouldReturnProperResult" classname="com.hotels.beans.conversion.processor.impl.CharacterConversionTest" time="0"/>
  <testcase name="testConvertCharacterShouldReturnProperResult" classname="com.hotels.beans.conversion.processor.impl.CharacterConversionTest" time="0.001"/>
  <testcase name="testConvertDoubleShouldReturnProperResult" classname="com.hotels.beans.conversion.processor.impl.CharacterConversionTest" time="0"/>
  <testcase name="testConvertFloatShouldReturnProperResult" classname="com.hotels.beans.conversion.processor.impl.CharacterConversionTest" time="0"/>
  <testcase name="testConvertIntegerShouldReturnProperResult" classname="com.hotels.beans.conversion.processor.impl.CharacterConversionTest" time="0"/>
  <testcase name="testConvertLongShouldReturnProperResult" classname="com.hotels.beans.conversion.processor.impl.CharacterConversionTest" time="0"/>
  <testcase name="testConvertShortShouldReturnProperResult" classname="com.hotels.beans.conversion.processor.impl.CharacterConversionTest" time="0"/>
  <testcase name="testConvertStringShouldReturnProperResult" classname="com.hotels.beans.conversion.processor.impl.CharacterConversionTest" time="0"/>
  <testcase name="testConvertBigIntegerShouldReturnProperResult" classname="com.hotels.beans.conversion.processor.impl.BooleanConversionTest" time="0.002"/>
  <testcase name="testConvertBigIntegerShouldReturnProperResult" classname="com.hotels.beans.conversion.processor.impl.BooleanConversionTest" time="0"/>
  <testcase name="testConvertBigIntegerShouldReturnProperResult" classname="com.hotels.beans.conversion.processor.impl.BooleanConversionTest" time="0"/>
  <testcase name="testConvertBigIntegerShouldReturnProperResult" classname="com.hotels.beans.conversion.processor.impl.BooleanConversionTest" time="0"/>
  <testcase name="testConvertBooleanShouldReturnProperResult" classname="com.hotels.beans.conversion.processor.impl.BooleanConversionTest" time="0"/>
  <testcase name="testConvertByteArrayShouldReturnProperResult" classname="com.hotels.beans.conversion.processor.impl.BooleanConversionTest" time="0"/>
  <testcase name="testConvertByteArrayShouldReturnProperResult" classname="com.hotels.beans.conversion.processor.impl.BooleanConversionTest" time="0.001"/>
  <testcase name="testConvertByteShouldReturnProperResult" classname="com.hotels.beans.conversion.processor.impl.BooleanConversionTest" time="0.001"/>
  <testcase name="testConvertByteShouldReturnProperResult" classname="com.hotels.beans.conversion.processor.impl.BooleanConversionTest" time="0.002"/>
  <testcase name="testConvertCharacterShouldReturnProperResult" classname="com.hotels.beans.conversion.processor.impl.BooleanConversionTest" time="0"/>
  <testcase name="testConvertDoubleShouldReturnProperResult" classname="com.hotels.beans.conversion.processor.impl.BooleanConversionTest" time="0"/>
  <testcase name="testConvertDoubleShouldReturnProperResult" classname="com.hotels.beans.conversion.processor.impl.BooleanConversionTest" time="0"/>
  <testcase name="testConvertFloatShouldReturnProperResult" classname="com.hotels.beans.conversion.processor.impl.BooleanConversionTest" time="0.001"/>
  <testcase name="testConvertFloatShouldReturnProperResult" classname="com.hotels.beans.conversion.processor.impl.BooleanConversionTest" time="0.001"/>
  <testcase name="testConvertIntegerShouldReturnProperResult" classname="com.hotels.beans.conversion.processor.impl.BooleanConversionTest" time="0"/>
  <testcase name="testConvertIntegerShouldReturnProperResult" classname="com.hotels.beans.conversion.processor.impl.BooleanConversionTest" time="0.003"/>
  <testcase name="testConvertLongShouldReturnProperResult" classname="com.hotels.beans.conversion.processor.impl.BooleanConversionTest" time="0"/>
  <testcase name="testConvertLongShouldReturnProperResult" classname="com.hotels.beans.conversion.processor.impl.BooleanConversionTest" time="0"/>
  <testcase name="testConvertShortShouldReturnProperResult" classname="com.hotels.beans.conversion.processor.impl.BooleanConversionTest" time="0"/>
  <testcase name="testConvertShortShouldReturnProperResult" classname="com.hotels.beans.conversion.processor.impl.BooleanConversionTest" time="0"/>
  <testcase name="testConvertStringShouldReturnProperResult" classname="com.hotels.beans.conversion.processor.impl.BooleanConversionTest" time="0"/>
  <testcase name="testConvertBigDecimalShouldReturnProperResult" classname="com.hotels.beans.conversion.processor.impl.ShortConversionTest" time="0.003"/>
  <testcase name="testConvertBigIntegerShouldReturnProperResult" classname="com.hotels.beans.conversion.processor.impl.ShortConversionTest" time="0"/>
  <testcase name="testConvertBooleanShouldReturnProperResult" classname="com.hotels.beans.conversion.processor.impl.ShortConversionTest" time="0"/>
  <testcase name="testConvertBooleanShouldReturnProperResult" classname="com.hotels.beans.conversion.processor.impl.ShortConversionTest" time="0"/>
  <testcase name="testConvertByteArrayShouldReturnProperResult" classname="com.hotels.beans.conversion.processor.impl.ShortConversionTest" time="0"/>
  <testcase name="testConvertByteArrayShouldThrowExceptionIfByteArrayIsTooSmall" classname="com.hotels.beans.conversion.processor.impl.ShortConversionTest" time="0"/>
  <testcase name="testConvertByteShouldReturnProperResult" classname="com.hotels.beans.conversion.processor.impl.ShortConversionTest" time="0"/>
  <testcase name="testConvertCharacterShouldReturnProperResult" classname="com.hotels.beans.conversion.processor.impl.ShortConversionTest" time="0.001"/>
  <testcase name="testConvertDoubleShouldReturnProperResult" classname="com.hotels.beans.conversion.processor.impl.ShortConversionTest" time="0"/>
  <testcase name="testConvertFloatShouldReturnProperResult" classname="com.hotels.beans.conversion.processor.impl.ShortConversionTest" time="0"/>
  <testcase name="testConvertIntegerShouldReturnProperResult" classname="com.hotels.beans.conversion.processor.impl.ShortConversionTest" time="0"/>
  <testcase name="testConvertLongShouldReturnProperResult" classname="com.hotels.beans.conversion.processor.impl.ShortConversionTest" time="0.001"/>
  <testcase name="testConvertShortShouldReturnProperResult" classname="com.hotels.beans.conversion.processor.impl.ShortConversionTest" time="0"/>
  <testcase name="testConvertStringShouldReturnProperResult" classname="com.hotels.beans.conversion.processor.impl.ShortConversionTest" time="0"/>
  <testcase name="testConvertBigDecimalShouldReturnProperResult" classname="com.hotels.beans.conversion.processor.impl.ByteConversionTest" time="0.002"/>
  <testcase name="testConvertBigIntegerShouldReturnProperResult" classname="com.hotels.beans.conversion.processor.impl.ByteConversionTest" time="0"/>
  <testcase name="testConvertBooleanShouldReturnProperResult" classname="com.hotels.beans.conversion.processor.impl.ByteConversionTest" time="0"/>
  <testcase name="testConvertBooleanShouldReturnProperResult" classname="com.hotels.beans.conversion.processor.impl.ByteConversionTest" time="0"/>
  <testcase name="testConvertByteArrayShouldReturnProperResult" classname="com.hotels.beans.conversion.processor.impl.ByteConversionTest" time="0"/>
  <testcase name="testConvertByteShouldReturnProperResult" classname="com.hotels.beans.conversion.processor.impl.ByteConversionTest" time="0.001"/>
  <testcase name="testConvertCharacterShouldReturnProperResult" classname="com.hotels.beans.conversion.processor.impl.ByteConversionTest" time="0"/>
  <testcase name="testConvertDoubleShouldReturnProperResult" classname="com.hotels.beans.conversion.processor.impl.ByteConversionTest" time="0"/>
  <testcase name="testConvertFloatShouldReturnProperResult" classname="com.hotels.beans.conversion.processor.impl.ByteConversionTest" time="0.001"/>
  <testcase name="testConvertIntegerShouldReturnProperResult" classname="com.hotels.beans.conversion.processor.impl.ByteConversionTest" time="0"/>
  <testcase name="testConvertLongShouldReturnProperResult" classname="com.hotels.beans.conversion.processor.impl.ByteConversionTest" time="0"/>
  <testcase name="testConvertShortShouldReturnProperResult" classname="com.hotels.beans.conversion.processor.impl.ByteConversionTest" time="0"/>
  <testcase name="testConvertStringShouldReturnProperResult" classname="com.hotels.beans.conversion.processor.impl.ByteConversionTest" time="0"/>
  <testcase name="testConvertBigDecimalShouldReturnProperResult" classname="com.hotels.beans.conversion.processor.impl.BigIntegerConversionTest" time="0.004"/>
  <testcase name="testConvertBigIntegerShouldReturnProperResult" classname="com.hotels.beans.conversion.processor.impl.BigIntegerConversionTest" time="0.001"/>
  <testcase name="testConvertBooleanShouldReturnProperResult" classname="com.hotels.beans.conversion.processor.impl.BigIntegerConversionTest" time="0"/>
  <testcase name="testConvertBooleanShouldReturnProperResult" classname="com.hotels.beans.conversion.processor.impl.BigIntegerConversionTest" time="0"/>
  <testcase name="testConvertByteArrayShouldReturnProperResult" classname="com.hotels.beans.conversion.processor.impl.BigIntegerConversionTest" time="0"/>
  <testcase name="testConvertByteArrayShouldThrowExceptionIfByteArrayIsTooSmall" classname="com.hotels.beans.conversion.processor.impl.BigIntegerConversionTest" time="0.001"/>
  <testcase name="testConvertByteShouldReturnProperResult" classname="com.hotels.beans.conversion.processor.impl.BigIntegerConversionTest" time="0"/>
  <testcase name="testConvertCharacterShouldReturnProperResult" classname="com.hotels.beans.conversion.processor.impl.BigIntegerConversionTest" time="0"/>
  <testcase name="testConvertDoubleShouldReturnProperResult" classname="com.hotels.beans.conversion.processor.impl.BigIntegerConversionTest" time="0"/>
  <testcase name="testConvertFloatShouldReturnProperResult" classname="com.hotels.beans.conversion.processor.impl.BigIntegerConversionTest" time="0"/>
  <testcase name="testConvertIntegerShouldReturnProperResult" classname="com.hotels.beans.conversion.processor.impl.BigIntegerConversionTest" time="0"/>
  <testcase name="testConvertLongShouldReturnProperResult" classname="com.hotels.beans.conversion.processor.impl.BigIntegerConversionTest" time="0"/>
  <testcase name="testConvertShortShouldReturnProperResult" classname="com.hotels.beans.conversion.processor.impl.BigIntegerConversionTest" time="0"/>
  <testcase name="testConvertStringShouldReturnProperResult" classname="com.hotels.beans.conversion.processor.impl.BigIntegerConversionTest" time="0"/>
  <testcase name="testConvertBigDecimalShouldReturnProperResult" classname="com.hotels.beans.conversion.processor.impl.ByteArrayConversionTest" time="0"/>
  <testcase name="testConvertBigIntegerShouldReturnProperResult" classname="com.hotels.beans.conversion.processor.impl.ByteArrayConversionTest" time="0"/>
  <testcase name="testConvertBooleanShouldReturnProperResult" classname="com.hotels.beans.conversion.processor.impl.ByteArrayConversionTest" time="0"/>
  <testcase name="testConvertBooleanShouldReturnProperResult" classname="com.hotels.beans.conversion.processor.impl.ByteArrayConversionTest" time="0"/>
  <testcase name="testConvertByteArrayShouldReturnProperResult" classname="com.hotels.beans.conversion.processor.impl.ByteArrayConversionTest" time="0.001"/>
  <testcase name="testConvertByteShouldReturnProperResult" classname="com.hotels.beans.conversion.processor.impl.ByteArrayConversionTest" time="0.001"/>
  <testcase name="testConvertCharacterShouldReturnProperResult" classname="com.hotels.beans.conversion.processor.impl.ByteArrayConversionTest" time="0.001"/>
  <testcase name="testConvertDoubleShouldReturnProperResult" classname="com.hotels.beans.conversion.processor.impl.ByteArrayConversionTest" time="0"/>
  <testcase name="testConvertFloatShouldReturnProperResult" classname="com.hotels.beans.conversion.processor.impl.ByteArrayConversionTest" time="0"/>
  <testcase name="testConvertIntegerShouldReturnProperResult" classname="com.hotels.beans.conversion.processor.impl.ByteArrayConversionTest" time="0"/>
  <testcase name="testConvertLongShouldReturnProperResult" classname="com.hotels.beans.conversion.processor.impl.ByteArrayConversionTest" time="0"/>
  <testcase name="testConvertShortShouldReturnProperResult" classname="com.hotels.beans.conversion.processor.impl.ByteArrayConversionTest" time="0"/>
  <testcase name="testConvertStringShouldReturnProperResult" classname="com.hotels.beans.conversion.processor.impl.ByteArrayConversionTest" time="0"/>
  <testcase name="testConvertBigDecimalShouldReturnProperResult" classname="com.hotels.beans.conversion.processor.impl.DoubleConversionTest" time="0"/>
  <testcase name="testConvertBigIntegerShouldReturnProperResult" classname="com.hotels.beans.conversion.processor.impl.DoubleConversionTest" time="0"/>
  <testcase name="testConvertBooleanShouldReturnProperResult" classname="com.hotels.beans.conversion.processor.impl.DoubleConversionTest" time="0.001"/>
  <testcase name="testConvertBooleanShouldReturnProperResult" classname="com.hotels.beans.conversion.processor.impl.DoubleConversionTest" time="0"/>
  <testcase name="testConvertByteArrayShouldReturnProperResult" classname="com.hotels.beans.conversion.processor.impl.DoubleConversionTest" time="0.001"/>
  <testcase name="testConvertByteArrayShouldThrowExceptionIfByteArrayIsTooSmall" classname="com.hotels.beans.conversion.processor.impl.DoubleConversionTest" time="0"/>
  <testcase name="testConvertByteShouldReturnProperResult" classname="com.hotels.beans.conversion.processor.impl.DoubleConversionTest" time="0.001"/>
  <testcase name="testConvertCharacterShouldReturnProperResult" classname="com.hotels.beans.conversion.processor.impl.DoubleConversionTest" time="0.001"/>
  <testcase name="testConvertDoubleShouldReturnProperResult" classname="com.hotels.beans.conversion.processor.impl.DoubleConversionTest" time="0.001"/>
  <testcase name="testConvertFloatShouldReturnProperResult" classname="com.hotels.beans.conversion.processor.impl.DoubleConversionTest" time="0"/>
  <testcase name="testConvertIntegerShouldReturnProperResult" classname="com.hotels.beans.conversion.processor.impl.DoubleConversionTest" time="0.001"/>
  <testcase name="testConvertLongShouldReturnProperResult" classname="com.hotels.beans.conversion.processor.impl.DoubleConversionTest" time="0"/>
  <testcase name="testConvertShortShouldReturnProperResult" classname="com.hotels.beans.conversion.processor.impl.DoubleConversionTest" time="0.001"/>
  <testcase name="testConvertStringShouldReturnProperResult" classname="com.hotels.beans.conversion.processor.impl.DoubleConversionTest" time="0"/>
  <testcase name="testConvertBigDecimalShouldReturnProperResult" classname="com.hotels.beans.conversion.processor.impl.BigDecimalConversionTest" time="0.003"/>
  <testcase name="testConvertBigIntegerShouldReturnProperResult" classname="com.hotels.beans.conversion.processor.impl.BigDecimalConversionTest" time="0"/>
  <testcase name="testConvertBooleanShouldReturnProperResult" classname="com.hotels.beans.conversion.processor.impl.BigDecimalConversionTest" time="0"/>
  <testcase name="testConvertBooleanShouldReturnProperResult" classname="com.hotels.beans.conversion.processor.impl.BigDecimalConversionTest" time="0"/>
  <testcase name="testConvertByteArrayShouldReturnProperResult" classname="com.hotels.beans.conversion.processor.impl.BigDecimalConversionTest" time="0"/>
  <testcase name="testConvertByteArrayShouldThrowExceptionIfByteArrayIsTooSmall" classname="com.hotels.beans.conversion.processor.impl.BigDecimalConversionTest" time="0"/>
  <testcase name="testConvertByteShouldReturnProperResult" classname="com.hotels.beans.conversion.processor.impl.BigDecimalConversionTest" time="0.001"/>
  <testcase name="testConvertCharacterShouldReturnProperResult" classname="com.hotels.beans.conversion.processor.impl.BigDecimalConversionTest" time="0"/>
  <testcase name="testConvertDoubleShouldReturnProperResult" classname="com.hotels.beans.conversion.processor.impl.BigDecimalConversionTest" time="0.001"/>
  <testcase name="testConvertFloatShouldReturnProperResult" classname="com.hotels.beans.conversion.processor.impl.BigDecimalConversionTest" time="0"/>
  <testcase name="testConvertIntegerShouldReturnProperResult" classname="com.hotels.beans.conversion.processor.impl.BigDecimalConversionTest" time="0"/>
  <testcase name="testConvertLongShouldReturnProperResult" classname="com.hotels.beans.conversion.processor.impl.BigDecimalConversionTest" time="0"/>
  <testcase name="testConvertShortShouldReturnProperResult" classname="com.hotels.beans.conversion.processor.impl.BigDecimalConversionTest" time="0"/>
  <testcase name="testConvertStringShouldReturnProperResult" classname="com.hotels.beans.conversion.processor.impl.BigDecimalConversionTest" time="0.001"/>
  <testcase name="testConvertBigDecimalShouldReturnProperResult" classname="com.hotels.beans.conversion.processor.impl.StringConversionTest" time="0.011"/>
  <testcase name="testConvertBigIntegerShouldReturnProperResult" classname="com.hotels.beans.conversion.processor.impl.StringConversionTest" time="0"/>
  <testcase name="testConvertBooleanShouldReturnProperResult" classname="com.hotels.beans.conversion.processor.impl.StringConversionTest" time="0"/>
  <testcase name="testConvertByteArrayShouldReturnProperResult" classname="com.hotels.beans.conversion.processor.impl.StringConversionTest" time="0"/>
  <testcase name="testConvertByteShouldReturnProperResult" classname="com.hotels.beans.conversion.processor.impl.StringConversionTest" time="0.001"/>
  <testcase name="testConvertCharacterShouldReturnProperResult" classname="com.hotels.beans.conversion.processor.impl.StringConversionTest" time="0"/>
  <testcase name="testConvertDoubleShouldReturnProperResult" classname="com.hotels.beans.conversion.processor.impl.StringConversionTest" time="0.001"/>
  <testcase name="testConvertFloatShouldReturnProperResult" classname="com.hotels.beans.conversion.processor.impl.StringConversionTest" time="0"/>
  <testcase name="testConvertIntegerShouldReturnProperResult" classname="com.hotels.beans.conversion.processor.impl.StringConversionTest" time="0.001"/>
  <testcase name="testConvertLongShouldReturnProperResult" classname="com.hotels.beans.conversion.processor.impl.StringConversionTest" time="0"/>
  <testcase name="testConvertShortShouldReturnProperResult" classname="com.hotels.beans.conversion.processor.impl.StringConversionTest" time="0"/>
  <testcase name="testConvertStringShouldReturnProperResult" classname="com.hotels.beans.conversion.processor.impl.StringConversionTest" time="0.001"/>
  <testcase name="testGetConversionProcessorReturnsNullInCaseNoProcessorExistsForTheGivenType" classname="com.hotels.beans.conversion.processor.ConversionProcessorFactoryTest" time="0"/>
  <testcase name="testGetConversionProcessorWorksAsExpected" classname="com.hotels.beans.conversion.processor.ConversionProcessorFactoryTest" time="0.001"/>
  <testcase name="testGetConversionProcessorWorksAsExpected" classname="com.hotels.beans.conversion.processor.ConversionProcessorFactoryTest" time="0"/>
  <testcase name="testGetConversionProcessorWorksAsExpected" classname="com.hotels.beans.conversion.processor.ConversionProcessorFactoryTest" time="0"/>
  <testcase name="testGetConversionProcessorWorksAsExpected" classname="com.hotels.beans.conversion.processor.ConversionProcessorFactoryTest" time="0"/>
  <testcase name="testGetConversionProcessorWorksAsExpected" classname="com.hotels.beans.conversion.processor.ConversionProcessorFactoryTest" time="0"/>
  <testcase name="testGetConversionProcessorWorksAsExpected" classname="com.hotels.beans.conversion.processor.ConversionProcessorFactoryTest" time="0"/>
  <testcase name="testGetConversionProcessorWorksAsExpected" classname="com.hotels.beans.conversion.processor.ConversionProcessorFactoryTest" time="0"/>
  <testcase name="testGetConversionProcessorWorksAsExpected" classname="com.hotels.beans.conversion.processor.ConversionProcessorFactoryTest" time="0.001"/>
  <testcase name="testGetConversionProcessorWorksAsExpected" classname="com.hotels.beans.conversion.processor.ConversionProcessorFactoryTest" time="0"/>
  <testcase name="testGetConversionProcessorWorksAsExpected" classname="com.hotels.beans.conversion.processor.ConversionProcessorFactoryTest" time="0"/>
  <testcase name="testGetConversionProcessorWorksAsExpected" classname="com.hotels.beans.conversion.processor.ConversionProcessorFactoryTest" time="0"/>
  <testcase name="testGetConversionProcessorWorksAsExpected" classname="com.hotels.beans.conversion.processor.ConversionProcessorFactoryTest" time="0.001"/>
  <testcase name="testGetConversionProcessorWorksAsExpected" classname="com.hotels.beans.conversion.processor.ConversionProcessorFactoryTest" time="0"/>
  <testcase name="testGetConversionProcessorWorksAsExpected" classname="com.hotels.beans.conversion.processor.ConversionProcessorFactoryTest" time="0"/>
  <testcase name="testGetConversionProcessorWorksAsExpected" classname="com.hotels.beans.conversion.processor.ConversionProcessorFactoryTest" time="0"/>
  <testcase name="testGetConversionProcessorWorksAsExpected" classname="com.hotels.beans.conversion.processor.ConversionProcessorFactoryTest" time="0"/>
  <testcase name="testGetConversionProcessorWorksAsExpected" classname="com.hotels.beans.conversion.processor.ConversionProcessorFactoryTest" time="0"/>
  <testcase name="testGetConversionProcessorWorksAsExpected" classname="com.hotels.beans.conversion.processor.ConversionProcessorFactoryTest" time="0"/>
  <testcase name="testGetConversionProcessorWorksAsExpected" classname="com.hotels.beans.conversion.processor.ConversionProcessorFactoryTest" time="0"/>
  <testcase name="testGetConversionProcessorWorksAsExpected" classname="com.hotels.beans.conversion.processor.ConversionProcessorFactoryTest" time="0"/>
</testsuite>