<?xml version="1.0" encoding="UTF-8"?>
<!-- Generated by org.testng.reporters.JUnitReportReporter -->
<testsuite hostname="ROMC02YH0EEJGH7" failures="0" tests="2" name="com.hotels.transformer.cache.CacheManagerFactoryTest" time="0.000" errors="0" timestamp="2020-07-30T15:18:24 CEST" skipped="0">
  <testcase classname="com.hotels.transformer.cache.CacheManagerFactoryTest" name="testGetCacheReturnsACacheManagerInstance" time="0.000"/>
  <system-out/>
  <testcase classname="com.hotels.transformer.cache.CacheManagerFactoryTest" name="testGetCacheThrowsExceptionIfTheCacheNameIsNull" time="0.000"/>
  <system-out/>
</testsuite> <!-- com.hotels.transformer.cache.CacheManagerFactoryTest -->
