<?xml version="1.0" encoding="UTF-8"?>
<!-- Generated by org.testng.reporters.JUnitReportReporter -->
<testsuite hostname="ROMC02YH0EEJGH7" failures="0" tests="4" name="com.hotels.transformer.cache.CacheManagerTest" time="0.004" errors="0" timestamp="2020-07-30T15:18:24 CEST" skipped="0">
  <testcase classname="com.hotels.transformer.cache.CacheManagerTest" name="testCacheObjectStoresTheDefaultValueIfTheGivenObjectIsNull" time="0.003"/>
  <system-out/>
  <testcase classname="com.hotels.transformer.cache.CacheManagerTest" name="testCacheObjectStoresTheGivenObjectWithTheGivenKey" time="0.000"/>
  <system-out/>
  <testcase classname="com.hotels.transformer.cache.CacheManagerTest" name="testRemoveFromCacheRemovesTheObject" time="0.001"/>
  <system-out/>
  <testcase classname="com.hotels.transformer.cache.CacheManagerTest" name="testRemoveMatchingKeysFromCacheRemovesTheObject" time="0.000"/>
  <system-out/>
</testsuite> <!-- com.hotels.transformer.cache.CacheManagerTest -->
