<?xml version="1.0" encoding="UTF-8"?>
<!-- Generated by org.testng.reporters.JUnitReportReporter -->
<testsuite hostname="ROMC02YH0EEJGH7" failures="0" tests="8" name="com.hotels.transformer.validator.ValidatorTest" time="0.608" errors="0" timestamp="2020-07-30T15:18:24 CEST" skipped="0">
  <testcase classname="com.hotels.transformer.validator.ValidatorTest" name="testGetConstraintViolationsWorksAsExpected" time="0.565"/>
  <system-out/>
  <testcase classname="com.hotels.transformer.validator.ValidatorTest" name="testValidateThrowsExceptionWhenTheBeanIsInvalid" time="0.001"/>
  <system-out/>
  <testcase classname="com.hotels.transformer.validator.ValidatorTest" name="testGetConstraintViolationsWorksAsExpected" time="0.042"/>
  <system-out/>
  <testcase classname="com.hotels.transformer.validator.ValidatorTest" name="testThatNoExceptionAreThrownWhenTheGivenObjectIsNotNullEvenWithoutACustomMessage" time="0.000"/>
  <system-out/>
  <testcase classname="com.hotels.transformer.validator.ValidatorTest" name="testNotNullRaisesAnExceptionWhenTheGivenObjectIsNull" time="0.000"/>
  <system-out/>
  <testcase classname="com.hotels.transformer.validator.ValidatorTest" name="testNotNullRaisesAnExceptionWhenTheGivenObjectIsNull" time="0.000"/>
  <system-out/>
  <testcase classname="com.hotels.transformer.validator.ValidatorTest" name="testThatNoExceptionAreThrownWhenTheGivenObjectIsNotNullEvenWithoutACustomMessage" time="0.000"/>
  <system-out/>
  <testcase classname="com.hotels.transformer.validator.ValidatorTest" name="testValidateDoesNotThrowsExceptionWhenTheBeanIsValid" time="0.000"/>
  <system-out/>
</testsuite> <!-- com.hotels.transformer.validator.ValidatorTest -->
