<?xml version="1.0" encoding="UTF-8"?>
<!-- Generated by org.testng.reporters.JUnitReportReporter -->
<testsuite hostname="ROMC02YH0EEJGH7" failures="0" tests="17" name="com.hotels.transformer.base.DefaultsTest" time="0.176" errors="0" timestamp="2020-07-30T15:18:24 CEST" skipped="0">
  <testcase classname="com.hotels.transformer.base.DefaultsTest" name="testDefaultValueShouldReturnTheExpectedResult" time="0.174"/>
  <system-out/>
  <testcase classname="com.hotels.transformer.base.DefaultsTest" name="testDefaultValueShouldReturnTheExpectedResult" time="0.000"/>
  <system-out/>
  <testcase classname="com.hotels.transformer.base.DefaultsTest" name="testDefaultValueShouldReturnTheExpectedResult" time="0.000"/>
  <system-out/>
  <testcase classname="com.hotels.transformer.base.DefaultsTest" name="testDefaultValueShouldReturnTheExpectedResult" time="0.000"/>
  <system-out/>
  <testcase classname="com.hotels.transformer.base.DefaultsTest" name="testDefaultValueShouldReturnTheExpectedResult" time="0.000"/>
  <system-out/>
  <testcase classname="com.hotels.transformer.base.DefaultsTest" name="testDefaultValueShouldReturnTheExpectedResult" time="0.000"/>
  <system-out/>
  <testcase classname="com.hotels.transformer.base.DefaultsTest" name="testDefaultValueShouldReturnTheExpectedResult" time="0.000"/>
  <system-out/>
  <testcase classname="com.hotels.transformer.base.DefaultsTest" name="testDefaultValueShouldReturnTheExpectedResult" time="0.000"/>
  <system-out/>
  <testcase classname="com.hotels.transformer.base.DefaultsTest" name="testDefaultValueShouldReturnTheExpectedResult" time="0.000"/>
  <system-out/>
  <testcase classname="com.hotels.transformer.base.DefaultsTest" name="testDefaultValueShouldReturnTheExpectedResult" time="0.000"/>
  <system-out/>
  <testcase classname="com.hotels.transformer.base.DefaultsTest" name="testDefaultValueShouldReturnTheExpectedResult" time="0.000"/>
  <system-out/>
  <testcase classname="com.hotels.transformer.base.DefaultsTest" name="testDefaultValueShouldReturnTheExpectedResult" time="0.000"/>
  <system-out/>
  <testcase classname="com.hotels.transformer.base.DefaultsTest" name="testDefaultValueShouldReturnTheExpectedResult" time="0.000"/>
  <system-out/>
  <testcase classname="com.hotels.transformer.base.DefaultsTest" name="testDefaultValueShouldReturnTheExpectedResult" time="0.001"/>
  <system-out/>
  <testcase classname="com.hotels.transformer.base.DefaultsTest" name="testDefaultValueShouldReturnTheExpectedResult" time="0.000"/>
  <system-out/>
  <testcase classname="com.hotels.transformer.base.DefaultsTest" name="testDefaultValueShouldReturnTheExpectedResult" time="0.000"/>
  <system-out/>
  <testcase classname="com.hotels.transformer.base.DefaultsTest" name="testDefaultValueShouldReturnTheExpectedResult" time="0.001"/>
  <system-out/>
</testsuite> <!-- com.hotels.transformer.base.DefaultsTest -->
