<?xml version="1.0" encoding="UTF-8"?>
<!-- Generated by org.testng.reporters.JUnitReportReporter -->
<testsuite hostname="ROMC02YH0EEJGH7" failures="0" tests="89" name="com.hotels.transformer.utils.ClassUtilsTest" time="0.401" errors="0" timestamp="2020-07-30T15:18:24 CEST" skipped="0">
  <testcase classname="com.hotels.transformer.utils.ClassUtilsTest" name="testAllParameterAnnotatedWithWorksAsExpected" time="0.011"/>
  <system-out/>
  <testcase classname="com.hotels.transformer.utils.ClassUtilsTest" name="testAreParameterNamesAvailableWorksAsExpected" time="0.040"/>
  <system-out/>
  <testcase classname="com.hotels.transformer.utils.ClassUtilsTest" name="testIsPrimitiveArrayTypeWorksAsExpected" time="0.000"/>
  <system-out/>
  <testcase classname="com.hotels.transformer.utils.ClassUtilsTest" name="testIsPrimitiveTypeWorksAsExpected" time="0.000"/>
  <system-out/>
  <testcase classname="com.hotels.transformer.utils.ClassUtilsTest" name="testIsBiteArrayWorksAsExpected" time="0.000"/>
  <system-out/>
  <testcase classname="com.hotels.transformer.utils.ClassUtilsTest" name="testIsBigIntegerWorksAsExpected" time="0.000"/>
  <system-out/>
  <testcase classname="com.hotels.transformer.utils.ClassUtilsTest" name="testGetConcreteClassWorksAsExpected" time="0.001"/>
  <system-out/>
  <testcase classname="com.hotels.transformer.utils.ClassUtilsTest" name="testGetTotalFieldsWorksAsExpected" time="0.010"/>
  <system-out/>
  <testcase classname="com.hotels.transformer.utils.ClassUtilsTest" name="testIsSpecialTypeWorksAsExpected" time="0.001"/>
  <system-out/>
  <testcase classname="com.hotels.transformer.utils.ClassUtilsTest" name="testIsPrimitiveArrayTypeWorksAsExpected" time="0.000"/>
  <system-out/>
  <testcase classname="com.hotels.transformer.utils.ClassUtilsTest" name="testGetPrivateFieldsWorksAsExpected" time="0.001"/>
  <system-out/>
  <testcase classname="com.hotels.transformer.utils.ClassUtilsTest" name="testIsPrimitiveArrayTypeWorksAsExpected" time="0.001"/>
  <system-out/>
  <testcase classname="com.hotels.transformer.utils.ClassUtilsTest" name="testIsSpecialTypeWorksAsExpected" time="0.000"/>
  <system-out/>
  <testcase classname="com.hotels.transformer.utils.ClassUtilsTest" name="testGetConcreteClassWorksAsExpected" time="0.014"/>
  <system-out/>
  <testcase classname="com.hotels.transformer.utils.ClassUtilsTest" name="testIsPrimitiveTypeWorksAsExpected" time="0.000"/>
  <system-out/>
  <testcase classname="com.hotels.transformer.utils.ClassUtilsTest" name="testGetGetterMethodsWorksAsExpected" time="0.001"/>
  <system-out/>
  <testcase classname="com.hotels.transformer.utils.ClassUtilsTest" name="testGetPrivateFieldsWorksAsExpected" time="0.000"/>
  <system-out/>
  <testcase classname="com.hotels.transformer.utils.ClassUtilsTest" name="testGetConstructorParameters" time="0.071"/>
  <system-out/>
  <testcase classname="com.hotels.transformer.utils.ClassUtilsTest" name="testGetPrivateFinalFieldsWorksAsExpected" time="0.001"/>
  <system-out/>
  <testcase classname="com.hotels.transformer.utils.ClassUtilsTest" name="testGetNotFinalFieldsWorksAsExpected" time="0.001"/>
  <system-out/>
  <testcase classname="com.hotels.transformer.utils.ClassUtilsTest" name="testIsPrimitiveTypeWorksAsExpected" time="0.000"/>
  <system-out/>
  <testcase classname="com.hotels.transformer.utils.ClassUtilsTest" name="testIsPrimitiveTypeWorksAsExpected" time="0.000"/>
  <system-out/>
  <testcase classname="com.hotels.transformer.utils.ClassUtilsTest" name="testIsSpecialTypeWorksAsExpected" time="0.000"/>
  <system-out/>
  <testcase classname="com.hotels.transformer.utils.ClassUtilsTest" name="testGetAllArgsConstructorWorksAsExpected" time="0.000"/>
  <system-out/>
  <testcase classname="com.hotels.transformer.utils.ClassUtilsTest" name="testIsPrimitiveOrSpecialTypeWorksAsExpected" time="0.002"/>
  <system-out/>
  <testcase classname="com.hotels.transformer.utils.ClassUtilsTest" name="testIsPrimitiveOrSpecialTypeWorksAsExpected" time="0.000"/>
  <system-out/>
  <testcase classname="com.hotels.transformer.utils.ClassUtilsTest" name="testIsPrimitiveArrayTypeWorksAsExpected" time="0.001"/>
  <system-out/>
  <testcase classname="com.hotels.transformer.utils.ClassUtilsTest" name="testGetDeclaredFieldsWorksAsExpected" time="0.000"/>
  <system-out/>
  <testcase classname="com.hotels.transformer.utils.ClassUtilsTest" name="testHasPrivateFinalFieldsWorksAsExpected" time="0.000"/>
  <system-out/>
  <testcase classname="com.hotels.transformer.utils.ClassUtilsTest" name="testGetDeclaredFieldsWorksAsExpected" time="0.022"/>
  <system-out/>
  <testcase classname="com.hotels.transformer.utils.ClassUtilsTest" name="testGetNoArgsConstructorThrowsExceptionIfTheConstructorIsMissing" time="0.002"/>
  <system-out/>
  <testcase classname="com.hotels.transformer.utils.ClassUtilsTest" name="testGetPrivateFieldsWorksAsExpected" time="0.002"/>
  <system-out/>
  <testcase classname="com.hotels.transformer.utils.ClassUtilsTest" name="testGetPrivateFieldsWorksAsExpected" time="0.000"/>
  <system-out/>
  <testcase classname="com.hotels.transformer.utils.ClassUtilsTest" name="testIsPrimitiveOrSpecialTypeWorksAsExpected" time="0.000"/>
  <system-out/>
  <testcase classname="com.hotels.transformer.utils.ClassUtilsTest" name="testGetPrivateFieldsWorksAsExpected" time="0.000"/>
  <system-out/>
  <testcase classname="com.hotels.transformer.utils.ClassUtilsTest" name="testGetPrivateFieldsWorksAsExpected" time="0.001"/>
  <system-out/>
  <testcase classname="com.hotels.transformer.utils.ClassUtilsTest" name="testIsSpecialTypeWorksAsExpected" time="0.000"/>
  <system-out/>
  <testcase classname="com.hotels.transformer.utils.ClassUtilsTest" name="testGetConcreteClassWorksAsExpected" time="0.003"/>
  <system-out/>
  <testcase classname="com.hotels.transformer.utils.ClassUtilsTest" name="testGetSetterMethodsWorksAsExpected" time="0.004"/>
  <system-out/>
  <testcase classname="com.hotels.transformer.utils.ClassUtilsTest" name="testHasAccessibleConstructorsWorksAsExpected" time="0.000"/>
  <system-out/>
  <testcase classname="com.hotels.transformer.utils.ClassUtilsTest" name="testGetPrivateFieldsWorksAsExpected" time="0.000"/>
  <system-out/>
  <testcase classname="com.hotels.transformer.utils.ClassUtilsTest" name="testGetClassTypeWorksAsExpected" time="0.037"/>
  <system-out/>
  <testcase classname="com.hotels.transformer.utils.ClassUtilsTest" name="testGetDefaultTypeValueWorksAsExpected" time="0.002"/>
  <system-out/>
  <testcase classname="com.hotels.transformer.utils.ClassUtilsTest" name="testIsPrimitiveTypeWorksAsExpected" time="0.001"/>
  <system-out/>
  <testcase classname="com.hotels.transformer.utils.ClassUtilsTest" name="testGetFieldClassWorksAsExpected" time="0.096"/>
  <system-out/>
  <testcase classname="com.hotels.transformer.utils.ClassUtilsTest" name="testHasPrivateFinalFieldsWorksAsExpected" time="0.001"/>
  <system-out/>
  <testcase classname="com.hotels.transformer.utils.ClassUtilsTest" name="testIsStringWorksAsExpected" time="0.000"/>
  <system-out/>
  <testcase classname="com.hotels.transformer.utils.ClassUtilsTest" name="testIsPrimitiveArrayTypeWorksAsExpected" time="0.001"/>
  <system-out/>
  <testcase classname="com.hotels.transformer.utils.ClassUtilsTest" name="testGetDeclaredClassesWorksAsExpected" time="0.000"/>
  <system-out/>
  <testcase classname="com.hotels.transformer.utils.ClassUtilsTest" name="testGetBuildMethodThrowsExceptionIfMethodIsMissing" time="0.001"/>
  <system-out/>
  <testcase classname="com.hotels.transformer.utils.ClassUtilsTest" name="testIsBiteArrayWorksAsExpected" time="0.001"/>
  <system-out/>
  <testcase classname="com.hotels.transformer.utils.ClassUtilsTest" name="testIsSpecialTypeWorksAsExpected" time="0.000"/>
  <system-out/>
  <testcase classname="com.hotels.transformer.utils.ClassUtilsTest" name="testGetSetterMethodsWorksAsExpected" time="0.001"/>
  <system-out/>
  <testcase classname="com.hotels.transformer.utils.ClassUtilsTest" name="testGetInstanceRaisesAnInstanceCreationExceptionIfAnErrorOccurs" time="0.002"/>
  <system-out/>
  <testcase classname="com.hotels.transformer.utils.ClassUtilsTest" name="testGetPrivateFinalFieldsWorksAsExpected" time="0.000"/>
  <system-out/>
  <testcase classname="com.hotels.transformer.utils.ClassUtilsTest" name="testHasFieldWorksAsExpected" time="0.001"/>
  <system-out/>
  <testcase classname="com.hotels.transformer.utils.ClassUtilsTest" name="testIsBigDecimalWorksAsExpected" time="0.000"/>
  <system-out/>
  <testcase classname="com.hotels.transformer.utils.ClassUtilsTest" name="testHasAccessibleConstructorsWorksAsExpected" time="0.001"/>
  <system-out/>
  <testcase classname="com.hotels.transformer.utils.ClassUtilsTest" name="testAllParameterAnnotatedWithWorksAsExpected" time="0.000"/>
  <system-out/>
  <testcase classname="com.hotels.transformer.utils.ClassUtilsTest" name="testIsPrimitiveArrayTypeWorksAsExpected" time="0.000"/>
  <system-out/>
  <testcase classname="com.hotels.transformer.utils.ClassUtilsTest" name="testGetBuildMethodThrowsExceptionIfMethodIsMissing" time="0.009"/>
  <system-out/>
  <testcase classname="com.hotels.transformer.utils.ClassUtilsTest" name="testIsPrimitiveArrayTypeWorksAsExpected" time="0.000"/>
  <system-out/>
  <testcase classname="com.hotels.transformer.utils.ClassUtilsTest" name="testIsBigDecimalWorksAsExpected" time="0.000"/>
  <system-out/>
  <testcase classname="com.hotels.transformer.utils.ClassUtilsTest" name="testIsPrimitiveTypeWorksAsExpected" time="0.000"/>
  <system-out/>
  <testcase classname="com.hotels.transformer.utils.ClassUtilsTest" name="testIsBigIntegerWorksAsExpected" time="0.000"/>
  <system-out/>
  <testcase classname="com.hotels.transformer.utils.ClassUtilsTest" name="testIsStringWorksAsExpected" time="0.000"/>
  <system-out/>
  <testcase classname="com.hotels.transformer.utils.ClassUtilsTest" name="testHasSetterMethodsWorksAsExpected" time="0.001"/>
  <system-out/>
  <testcase classname="com.hotels.transformer.utils.ClassUtilsTest" name="testIsPrimitiveArrayTypeWorksAsExpected" time="0.001"/>
  <system-out/>
  <testcase classname="com.hotels.transformer.utils.ClassUtilsTest" name="testGetNotFinalFieldsWorksAsExpected" time="0.000"/>
  <system-out/>
  <testcase classname="com.hotels.transformer.utils.ClassUtilsTest" name="testIsPrimitiveOrSpecialTypeWorksAsExpected" time="0.000"/>
  <system-out/>
  <testcase classname="com.hotels.transformer.utils.ClassUtilsTest" name="testGetPrivateFinalFieldsWorksAsExpected" time="0.000"/>
  <system-out/>
  <testcase classname="com.hotels.transformer.utils.ClassUtilsTest" name="testGetClassTypeWorksAsExpected" time="0.001"/>
  <system-out/>
  <testcase classname="com.hotels.transformer.utils.ClassUtilsTest" name="testGetClassTypeWorksAsExpected" time="0.003"/>
  <system-out/>
  <testcase classname="com.hotels.transformer.utils.ClassUtilsTest" name="testGetBuildMethodReturnsTheBuildMethod" time="0.038"/>
  <system-out/>
  <testcase classname="com.hotels.transformer.utils.ClassUtilsTest" name="testIsPrimitiveTypeWorksAsExpected" time="0.000"/>
  <system-out/>
  <testcase classname="com.hotels.transformer.utils.ClassUtilsTest" name="testIsPrimitiveArrayTypeWorksAsExpected" time="0.000"/>
  <system-out/>
  <testcase classname="com.hotels.transformer.utils.ClassUtilsTest" name="testHasFieldWorksAsExpected" time="0.001"/>
  <system-out/>
  <testcase classname="com.hotels.transformer.utils.ClassUtilsTest" name="testGetConcreteClassWorksAsExpected" time="0.000"/>
  <system-out/>
  <testcase classname="com.hotels.transformer.utils.ClassUtilsTest" name="testGetGetterMethodsWorksAsExpected" time="0.002"/>
  <system-out/>
  <testcase classname="com.hotels.transformer.utils.ClassUtilsTest" name="testGetGetterMethodsWorksAsExpected" time="0.003"/>
  <system-out/>
  <testcase classname="com.hotels.transformer.utils.ClassUtilsTest" name="testGetGetterMethodsWorksAsExpected" time="0.002"/>
  <system-out/>
  <testcase classname="com.hotels.transformer.utils.ClassUtilsTest" name="testGetNoArgsConstructorWorksAsExpected" time="0.001"/>
  <system-out/>
  <testcase classname="com.hotels.transformer.utils.ClassUtilsTest" name="testGetDeclaredFieldsWorksAsExpected" time="0.000"/>
  <system-out/>
  <testcase classname="com.hotels.transformer.utils.ClassUtilsTest" name="testIsSpecialTypeWorksAsExpected" time="0.000"/>
  <system-out/>
  <testcase classname="com.hotels.transformer.utils.ClassUtilsTest" name="testGetConcreteClassWorksAsExpected" time="0.001"/>
  <system-out/>
  <testcase classname="com.hotels.transformer.utils.ClassUtilsTest" name="testGetDeclaredClassesWorksAsExpected" time="0.001"/>
  <system-out/>
  <testcase classname="com.hotels.transformer.utils.ClassUtilsTest" name="testAreParameterNamesAvailableWorksAsExpected" time="0.001"/>
  <system-out/>
  <testcase classname="com.hotels.transformer.utils.ClassUtilsTest" name="testHasSetterMethodsWorksAsExpected" time="0.001"/>
  <system-out/>
  <testcase classname="com.hotels.transformer.utils.ClassUtilsTest" name="testGetTotalFieldsWorksAsExpected" time="0.000"/>
  <system-out/>
</testsuite> <!-- com.hotels.transformer.utils.ClassUtilsTest -->
