<?xml version="1.0" encoding="UTF-8"?>
<testsuite xmlns:xsi="http://www.w3.org/2001/XMLSchema-instance" xsi:noNamespaceSchemaLocation="https://maven.apache.org/surefire/maven-surefire-plugin/xsd/surefire-test-report.xsd" name="TestSuite" time="15.543" tests="97" errors="0" skipped="0" failures="0">
  <properties>
    <property name="gopherProxySet" value="false"/>
    <property name="awt.toolkit" value="sun.lwawt.macosx.LWCToolkit"/>
    <property name="java.specification.version" value="11"/>
    <property name="sun.cpu.isalist" value=""/>
    <property name="sun.jnu.encoding" value="UTF-8"/>
    <property name="java.class.path" value="/Users/fborriello/Development/GitHub/hotelsDotCom/bull/bull-bean-transformer/target/test-classes:/Users/fborriello/Development/GitHub/hotelsDotCom/bull/bull-bean-transformer/target/classes:/Users/fborriello/Development/GitHub/hotelsDotCom/bull/bull-converter/target/bull-converter-1.7.3.1.jar:/Users/fborriello/Development/GitHub/hotelsDotCom/bull/bull-common/target/bull-common-1.7.3.1.jar:/Users/fborriello/Development/GitHub/hotelsDotCom/bull/bull-common/target/bull-common-1.7.3.1-tests.jar:/Users/fborriello/.m2/repository/org/apache/commons/commons-lang3/3.11/commons-lang3-3.11.jar:/Users/fborriello/.m2/repository/javax/validation/validation-api/2.0.1.Final/validation-api-2.0.1.Final.jar:/Users/fborriello/.m2/repository/javax/el/javax.el-api/3.0.0/javax.el-api-3.0.0.jar:/Users/fborriello/.m2/repository/org/glassfish/web/javax.el/2.2.6/javax.el-2.2.6.jar:/Users/fborriello/.m2/repository/org/hibernate/validator/hibernate-validator/6.1.5.Final/hibernate-validator-6.1.5.Final.jar:/Users/fborriello/.m2/repository/jakarta/validation/jakarta.validation-api/2.0.2/jakarta.validation-api-2.0.2.jar:/Users/fborriello/.m2/repository/org/jboss/logging/jboss-logging/3.3.2.Final/jboss-logging-3.3.2.Final.jar:/Users/fborriello/.m2/repository/com/fasterxml/classmate/1.3.4/classmate-1.3.4.jar:/Users/fborriello/.m2/repository/org/slf4j/slf4j-api/1.7.30/slf4j-api-1.7.30.jar:/Users/fborriello/.m2/repository/org/projectlombok/lombok/1.18.12/lombok-1.18.12.jar:/Users/fborriello/.m2/repository/org/assertj/assertj-core/3.16.1/assertj-core-3.16.1.jar:/Users/fborriello/.m2/repository/org/testng/testng/7.1.0/testng-7.1.0.jar:/Users/fborriello/.m2/repository/com/beust/jcommander/1.72/jcommander-1.72.jar:/Users/fborriello/.m2/repository/com/google/inject/guice/4.1.0/guice-4.1.0-no_aop.jar:/Users/fborriello/.m2/repository/javax/inject/javax.inject/1/javax.inject-1.jar:/Users/fborriello/.m2/repository/aopalliance/aopalliance/1.0/aopalliance-1.0.jar:/Users/fborriello/.m2/repository/org/mockito/mockito-core/3.4.6/mockito-core-3.4.6.jar:/Users/fborriello/.m2/repository/net/bytebuddy/byte-buddy/1.10.13/byte-buddy-1.10.13.jar:/Users/fborriello/.m2/repository/net/bytebuddy/byte-buddy-agent/1.10.13/byte-buddy-agent-1.10.13.jar:/Users/fborriello/.m2/repository/org/objenesis/objenesis/2.6/objenesis-2.6.jar:"/>
    <property name="java.vm.vendor" value="Oracle Corporation"/>
    <property name="sun.arch.data.model" value="64"/>
    <property name="java.vendor.url" value="http://java.oracle.com/"/>
    <property name="user.timezone" value=""/>
    <property name="java.vm.specification.version" value="11"/>
    <property name="os.name" value="Mac OS X"/>
    <property name="sun.java.launcher" value="SUN_STANDARD"/>
    <property name="user.country" value="GB"/>
    <property name="sun.boot.library.path" value="/Library/Java/JavaVirtualMachines/jdk-11.0.5.jdk/Contents/Home/lib"/>
    <property name="sun.java.command" value="/Users/fborriello/Development/GitHub/hotelsDotCom/bull/bull-bean-transformer/target/surefire/surefirebooter11286804165707505750.jar /Users/fborriello/Development/GitHub/hotelsDotCom/bull/bull-bean-transformer/target/surefire 2020-07-30T15-18-17_855-jvmRun1 surefire4481830030275415362tmp surefire_216602016872861399043tmp"/>
    <property name="jdk.debug" value="release"/>
    <property name="surefire.test.class.path" value="/Users/fborriello/Development/GitHub/hotelsDotCom/bull/bull-bean-transformer/target/test-classes:/Users/fborriello/Development/GitHub/hotelsDotCom/bull/bull-bean-transformer/target/classes:/Users/fborriello/Development/GitHub/hotelsDotCom/bull/bull-converter/target/bull-converter-1.7.3.1.jar:/Users/fborriello/Development/GitHub/hotelsDotCom/bull/bull-common/target/bull-common-1.7.3.1.jar:/Users/fborriello/Development/GitHub/hotelsDotCom/bull/bull-common/target/bull-common-1.7.3.1-tests.jar:/Users/fborriello/.m2/repository/org/apache/commons/commons-lang3/3.11/commons-lang3-3.11.jar:/Users/fborriello/.m2/repository/javax/validation/validation-api/2.0.1.Final/validation-api-2.0.1.Final.jar:/Users/fborriello/.m2/repository/javax/el/javax.el-api/3.0.0/javax.el-api-3.0.0.jar:/Users/fborriello/.m2/repository/org/glassfish/web/javax.el/2.2.6/javax.el-2.2.6.jar:/Users/fborriello/.m2/repository/org/hibernate/validator/hibernate-validator/6.1.5.Final/hibernate-validator-6.1.5.Final.jar:/Users/fborriello/.m2/repository/jakarta/validation/jakarta.validation-api/2.0.2/jakarta.validation-api-2.0.2.jar:/Users/fborriello/.m2/repository/org/jboss/logging/jboss-logging/3.3.2.Final/jboss-logging-3.3.2.Final.jar:/Users/fborriello/.m2/repository/com/fasterxml/classmate/1.3.4/classmate-1.3.4.jar:/Users/fborriello/.m2/repository/org/slf4j/slf4j-api/1.7.30/slf4j-api-1.7.30.jar:/Users/fborriello/.m2/repository/org/projectlombok/lombok/1.18.12/lombok-1.18.12.jar:/Users/fborriello/.m2/repository/org/assertj/assertj-core/3.16.1/assertj-core-3.16.1.jar:/Users/fborriello/.m2/repository/org/testng/testng/7.1.0/testng-7.1.0.jar:/Users/fborriello/.m2/repository/com/beust/jcommander/1.72/jcommander-1.72.jar:/Users/fborriello/.m2/repository/com/google/inject/guice/4.1.0/guice-4.1.0-no_aop.jar:/Users/fborriello/.m2/repository/javax/inject/javax.inject/1/javax.inject-1.jar:/Users/fborriello/.m2/repository/aopalliance/aopalliance/1.0/aopalliance-1.0.jar:/Users/fborriello/.m2/repository/org/mockito/mockito-core/3.4.6/mockito-core-3.4.6.jar:/Users/fborriello/.m2/repository/net/bytebuddy/byte-buddy/1.10.13/byte-buddy-1.10.13.jar:/Users/fborriello/.m2/repository/net/bytebuddy/byte-buddy-agent/1.10.13/byte-buddy-agent-1.10.13.jar:/Users/fborriello/.m2/repository/org/objenesis/objenesis/2.6/objenesis-2.6.jar:"/>
    <property name="sun.cpu.endian" value="little"/>
    <property name="user.home" value="/Users/fborriello"/>
    <property name="user.language" value="en"/>
    <property name="java.specification.vendor" value="Oracle Corporation"/>
    <property name="java.version.date" value="2019-10-15"/>
    <property name="java.home" value="/Library/Java/JavaVirtualMachines/jdk-11.0.5.jdk/Contents/Home"/>
    <property name="file.separator" value="/"/>
    <property name="basedir" value="/Users/fborriello/Development/GitHub/hotelsDotCom/bull/bull-bean-transformer"/>
    <property name="java.vm.compressedOopsMode" value="Zero based"/>
    <property name="line.separator" value="&#10;"/>
    <property name="java.specification.name" value="Java Platform API Specification"/>
    <property name="java.vm.specification.vendor" value="Oracle Corporation"/>
    <property name="java.awt.graphicsenv" value="sun.awt.CGraphicsEnvironment"/>
    <property name="surefire.real.class.path" value="/Users/fborriello/Development/GitHub/hotelsDotCom/bull/bull-bean-transformer/target/surefire/surefirebooter11286804165707505750.jar"/>
    <property name="sun.management.compiler" value="HotSpot 64-Bit Tiered Compilers"/>
    <property name="java.runtime.version" value="11.0.5+10-LTS"/>
    <property name="user.name" value="fborriello"/>
    <property name="path.separator" value=":"/>
    <property name="os.version" value="10.15.6"/>
    <property name="java.runtime.name" value="Java(TM) SE Runtime Environment"/>
    <property name="file.encoding" value="UTF-8"/>
    <property name="java.vm.name" value="Java HotSpot(TM) 64-Bit Server VM"/>
    <property name="java.vendor.version" value="18.9"/>
    <property name="localRepository" value="/Users/fborriello/.m2/repository"/>
    <property name="java.vendor.url.bug" value="http://bugreport.java.com/bugreport/"/>
    <property name="java.io.tmpdir" value="/var/folders/kh/j0lt5zg935qb0vt1fxckx7nh0000gn/T/"/>
    <property name="java.version" value="11.0.5"/>
    <property name="user.dir" value="/Users/fborriello/Development/GitHub/hotelsDotCom/bull/bull-bean-transformer"/>
    <property name="os.arch" value="x86_64"/>
    <property name="java.vm.specification.name" value="Java Virtual Machine Specification"/>
    <property name="java.awt.printerjob" value="sun.lwawt.macosx.CPrinterJob"/>
    <property name="sun.os.patch.level" value="unknown"/>
    <property name="java.library.path" value="/Users/fborriello/Library/Java/Extensions:/Library/Java/Extensions:/Network/Library/Java/Extensions:/System/Library/Java/Extensions:/usr/lib/java:."/>
    <property name="java.vendor" value="Oracle Corporation"/>
    <property name="java.vm.info" value="mixed mode"/>
    <property name="java.vm.version" value="11.0.5+10-LTS"/>
    <property name="sun.io.unicode.encoding" value="UnicodeBig"/>
    <property name="maven.repo.local" value="/Users/fborriello/.m2/repository"/>
    <property name="java.class.version" value="55.0"/>
  </properties>
  <testcase name="testTransformationThroughBuilder" classname="com.hotels.beans.transformer.BuilderObjectTransformationTest" time="0.627"/>
  <testcase name="testTransformationThroughBuilder" classname="com.hotels.beans.transformer.BuilderObjectTransformationTest" time="0.013"/>
  <testcase name="testTransformationThroughBuilder" classname="com.hotels.beans.transformer.BuilderObjectTransformationTest" time="0.015"/>
  <testcase name="testTransformationThroughBuilder" classname="com.hotels.beans.transformer.BuilderObjectTransformationTest" time="0.01"/>
  <testcase name="testFieldTransformationSkipWorksProperly" classname="com.hotels.beans.transformer.MixedObjectTransformationTest" time="0.01"/>
  <testcase name="testMixedBeanIsCorrectlyCopied" classname="com.hotels.beans.transformer.MixedObjectTransformationTest" time="0.007"/>
  <testcase name="testMixedBeanWithDifferentFieldNamesIsCorrectlyCopied" classname="com.hotels.beans.transformer.MixedObjectTransformationTest" time="0.012"/>
  <testcase name="testMixedBeanWithDifferentFieldNamesIsCorrectlyCopiedThroughFieldTransformer" classname="com.hotels.beans.transformer.MixedObjectTransformationTest" time="0.006"/>
  <testcase name="testMixedBeanWithMissingFieldsReturnsTheDefaultValueWhenTheSourceObjectDoesNotContainARequiredField" classname="com.hotels.beans.transformer.MixedObjectTransformationTest" time="0.029"/>
  <testcase name="testMixedBeanWithMissingFieldsThrowsMissingFieldExceptionWhenTheSourceObjectDoesNotContainARequiredField" classname="com.hotels.beans.transformer.MixedObjectTransformationTest" time="0"/>
  <testcase name="testMixedBeanWithoutAllArgsConstructorIsCorrectlyCopied" classname="com.hotels.beans.transformer.MixedObjectTransformationTest" time="0.008"/>
  <testcase name="testThatAnyTypeOfBeanContainsANotExistingFieldInTheSourceObjectIsCorrectlyCopiedThroughTransformerFunctions" classname="com.hotels.beans.transformer.MixedObjectTransformationTest" time="0.005"/>
  <testcase name="testTransformationOnAnExistingDestinationWorksProperly" classname="com.hotels.beans.transformer.MixedObjectTransformationTest" time="0.004"/>
  <testcase name="testConversionAnalyzerIsInitializedOnlyIfValidationIsEnabled" classname="com.hotels.beans.transformer.BeanTransformerTest" time="0.004"/>
  <testcase name="testConversionAnalyzerIsInitializedOnlyIfValidationIsEnabled" classname="com.hotels.beans.transformer.BeanTransformerTest" time="0.001"/>
  <testcase name="testGetConstructorArgsValuesReturnsTheDefaultTypeIfTheDestinationFieldNameIsNull" classname="com.hotels.beans.transformer.BeanTransformerTest" time="1.436"/>
  <testcase name="testGetSourceFieldTypeReturnsNull" classname="com.hotels.beans.transformer.BeanTransformerTest" time="0.7"/>
  <testcase name="testGetSourceFieldTypeReturnsTheSourceObjectClass" classname="com.hotels.beans.transformer.BeanTransformerTest" time="0.009"/>
  <testcase name="testGetSourceFieldTypeThrowsMissingFieldException" classname="com.hotels.beans.transformer.BeanTransformerTest" time="0.035"/>
  <testcase name="testGetSourceFieldValueRaisesAnExceptionIfTheParameterAreNull" classname="com.hotels.beans.transformer.BeanTransformerTest" time="0"/>
  <testcase name="testGetSourceFieldValueThrowsNoExceptionIfAFieldTransformerIsDefined" classname="com.hotels.beans.transformer.BeanTransformerTest" time="0.268"/>
  <testcase name="testGetTransformedValueWorksProperly" classname="com.hotels.beans.transformer.BeanTransformerTest" time="0.004"/>
  <testcase name="testGetTransformedValueWorksProperly" classname="com.hotels.beans.transformer.BeanTransformerTest" time="0.002"/>
  <testcase name="testHandleInjectionExceptionWorksAsExpected" classname="com.hotels.beans.transformer.BeanTransformerTest" time="0.015"/>
  <testcase name="testHandleInjectionExceptionWorksAsExpected" classname="com.hotels.beans.transformer.BeanTransformerTest" time="0.007"/>
  <testcase name="testRemoveFieldMappingRaisesExceptionIfItsCalledWithNullParam" classname="com.hotels.beans.transformer.BeanTransformerTest" time="0.001"/>
  <testcase name="testRemoveFieldMappingWorksProperly" classname="com.hotels.beans.transformer.BeanTransformerTest" time="0.068"/>
  <testcase name="testRemoveFieldTransformerRaisesExceptionIfItsCalledWithNullParam" classname="com.hotels.beans.transformer.BeanTransformerTest" time="0.001"/>
  <testcase name="testRemoveFieldTransformerWorksProperly" classname="com.hotels.beans.transformer.BeanTransformerTest" time="0.011"/>
  <testcase name="testResetFieldsMappingWorksProperly" classname="com.hotels.beans.transformer.BeanTransformerTest" time="0.001"/>
  <testcase name="testResetFieldsTransformerWorksProperly" classname="com.hotels.beans.transformer.BeanTransformerTest" time="0.002"/>
  <testcase name="testThatPrimitiveTypeConversionIsCorrectlyEnabled" classname="com.hotels.beans.transformer.BeanTransformerTest" time="0.002"/>
  <testcase name="testValidatorIsInitializedOnlyIfValidationIsEnabled" classname="com.hotels.beans.transformer.BeanTransformerTest" time="0.001"/>
  <testcase name="testValidatorIsInitializedOnlyIfValidationIsEnabled" classname="com.hotels.beans.transformer.BeanTransformerTest" time="0.004"/>
  <testcase name="testFieldTransformationSkipWorksProperly" classname="com.hotels.beans.transformer.ImmutableObjectTransformationTest" time="0.033"/>
  <testcase name="testGetConstructorValuesFromFieldsWorksProperly" classname="com.hotels.beans.transformer.ImmutableObjectTransformationTest" time="0.153"/>
  <testcase name="testGetDestFieldNameIsRetrievedFromConstructorArgIfTheParamNameIsNotProvidedFromJVM" classname="com.hotels.beans.transformer.ImmutableObjectTransformationTest" time="0.706"/>
  <testcase name="testGetDestFieldNameReturnsNullIfConstructorParamHasNoNameProvidedFromJVMAndNoConstructorArgIsDefined" classname="com.hotels.beans.transformer.ImmutableObjectTransformationTest" time="0.004"/>
  <testcase name="testImmutableBeanIsCorrectlyCopied" classname="com.hotels.beans.transformer.ImmutableObjectTransformationTest" time="0.013"/>
  <testcase name="testImmutableBeanIsCorrectlyCopied" classname="com.hotels.beans.transformer.ImmutableObjectTransformationTest" time="0.016"/>
  <testcase name="testImmutableBeanIsCorrectlyCopied" classname="com.hotels.beans.transformer.ImmutableObjectTransformationTest" time="0.02"/>
  <testcase name="testImmutableBeanIsCorrectlyCopied" classname="com.hotels.beans.transformer.ImmutableObjectTransformationTest" time="0.053"/>
  <testcase name="testImmutableBeanIsCorrectlyCopied" classname="com.hotels.beans.transformer.ImmutableObjectTransformationTest" time="0.055"/>
  <testcase name="testImmutableBeanWithAdvancedFieldsIsCorrectlyCopied" classname="com.hotels.beans.transformer.ImmutableObjectTransformationTest" time="0.088"/>
  <testcase name="testImmutableBeanWithAdvancedFieldsIsCorrectlyCopied" classname="com.hotels.beans.transformer.ImmutableObjectTransformationTest" time="0.088"/>
  <testcase name="testImmutableBeanWithDifferentFieldNamesIsCorrectlyCopied" classname="com.hotels.beans.transformer.ImmutableObjectTransformationTest" time="0.014"/>
  <testcase name="testImmutableBeanWithMissingConstructorArgIsCorrectlyCopied" classname="com.hotels.beans.transformer.ImmutableObjectTransformationTest" time="0.005"/>
  <testcase name="testThatAnyTypeOfBeanContainsANotExistingFieldInTheSourceObjectIsCorrectlyCopiedThroughTransformerFunctions" classname="com.hotels.beans.transformer.ImmutableObjectTransformationTest" time="0.03"/>
  <testcase name="testTransformRaiseAnExceptionIfTheTransformerFunctionIsNotValid" classname="com.hotels.beans.transformer.ImmutableObjectTransformationTest" time="0.107"/>
  <testcase name="testTransformThrowsExceptionIfTheConstructorInvocationThrowsException" classname="com.hotels.beans.transformer.ImmutableObjectTransformationTest" time="0.015"/>
  <testcase name="testTransformThrowsExceptionWhenImmutableIsInvalid" classname="com.hotels.beans.transformer.ImmutableObjectTransformationTest" time="1"/>
  <testcase name="testTransformThrowsNoExceptionIfTheDestinationObjectValuesAreNotValidAndTheValidationIsDisabled" classname="com.hotels.beans.transformer.ImmutableObjectTransformationTest" time="0.019"/>
  <testcase name="testTransformationOnAnExistingDestinationWorksProperly" classname="com.hotels.beans.transformer.ImmutableObjectTransformationTest" time="0.049"/>
  <testcase name="testTransformationReturnsAMeaningfulException" classname="com.hotels.beans.transformer.ImmutableObjectTransformationTest" time="0.003"/>
  <testcase name="testTransformationWithCompositeFieldNameMappingIsWorkingAsExpected" classname="com.hotels.beans.transformer.ImmutableObjectTransformationTest" time="0.24"/>
  <testcase name="testTransformationWithCompositeFieldNameMappingIsWorkingAsExpected" classname="com.hotels.beans.transformer.ImmutableObjectTransformationTest" time="0.24"/>
  <testcase name="testTransformerFunctionHasHigherPriorityThanDefaultValue" classname="com.hotels.beans.transformer.ImmutableObjectTransformationTest" time="0.003"/>
  <testcase name="testAutomaticPrimitiveTypeTransformationWorksProperly" classname="com.hotels.beans.transformer.MutableObjectTransformationTest" time="0.021"/>
  <testcase name="testFieldTransformationIsAppliedOnlyToASpecificField" classname="com.hotels.beans.transformer.MutableObjectTransformationTest" time="0.005"/>
  <testcase name="testFieldTransformationIsAppliedToAllMatchingFields" classname="com.hotels.beans.transformer.MutableObjectTransformationTest" time="0.004"/>
  <testcase name="testFieldTransformationSkipWorksProperly" classname="com.hotels.beans.transformer.MutableObjectTransformationTest" time="0.002"/>
  <testcase name="testInjectValuesThrowsException" classname="com.hotels.beans.transformer.MutableObjectTransformationTest" time="0.008"/>
  <testcase name="testMutableBeanIsCorrectlyCopied" classname="com.hotels.beans.transformer.MutableObjectTransformationTest" time="0.008"/>
  <testcase name="testThatAnyTypeOfBeanContainsANotExistingFieldInTheSourceObjectIsCorrectlyCopiedThroughTransformerFunctions" classname="com.hotels.beans.transformer.MutableObjectTransformationTest" time="0.004"/>
  <testcase name="testThatBothPrimitiveTypeTransformationAndCustomTransformationAreExecuted" classname="com.hotels.beans.transformer.MutableObjectTransformationTest" time="0.004"/>
  <testcase name="testTransformThrowsExceptionWhenMutableBeanHasNoDefaultConstructor" classname="com.hotels.beans.transformer.MutableObjectTransformationTest" time="0.003"/>
  <testcase name="testTransformThrowsNoExceptionIfTheDestinationObjectValuesAreNotValidAndTheValidationIsDisabled" classname="com.hotels.beans.transformer.MutableObjectTransformationTest" time="0.03"/>
  <testcase name="testTransformationOnAnExistingDestinationWorksProperly" classname="com.hotels.beans.transformer.MutableObjectTransformationTest" time="0.006"/>
  <testcase name="testTransformationWithFieldTransformationWorksProperly" classname="com.hotels.beans.transformer.MutableObjectTransformationTest" time="0.002"/>
  <testcase name="testTransformationWithFieldTransformationWorksProperly" classname="com.hotels.beans.transformer.MutableObjectTransformationTest" time="0.001"/>
  <testcase name="testTransformerDoesNotSetsTheDefaultValueForPrimitiveTypeField" classname="com.hotels.beans.transformer.MutableObjectTransformationTest" time="0.01"/>
  <testcase name="testTransformerDoesNotThrowExceptionIfAFieldIsMissingAndTheDefaultValueSetIsEnabled" classname="com.hotels.beans.transformer.MutableObjectTransformationTest" time="0.002"/>
  <testcase name="testTransformerIsAbleToCopyObjectsWithoutFieldButWithGetterMethods" classname="com.hotels.beans.transformer.MutableObjectTransformationTest" time="0.002"/>
  <testcase name="testTransformerIsAbleToCopyObjectsWithoutRequiredMethods" classname="com.hotels.beans.transformer.MutableObjectTransformationTest" time="0.005"/>
  <testcase name="testTransformerThrowsExceptionIfAFieldIsMissingAndThePrimitiveTypeConversionIsEnabled" classname="com.hotels.beans.transformer.MutableObjectTransformationTest" time="0.002"/>
  <testcase name="testGetPrimitiveTypeConverterWorksProperly" classname="com.hotels.beans.BeanUtilsTest" time="0.002"/>
  <testcase name="testGetTransformerFunctionWorksProperly" classname="com.hotels.beans.BeanUtilsTest" time="0.005"/>
  <testcase name="testGetTransformerFunctionWorksProperly" classname="com.hotels.beans.BeanUtilsTest" time="0.005"/>
  <testcase name="testGetTransformerThrowsExceptionIfTheBeanTransformerIsNull" classname="com.hotels.beans.BeanUtilsTest" time="0"/>
  <testcase name="testGetTransformerWorksProperly" classname="com.hotels.beans.BeanUtilsTest" time="0"/>
  <testcase name="testValidateThrowsExceptionIfTheGivenBeanIsInvalid" classname="com.hotels.beans.BeanUtilsTest" time="0.001"/>
  <testcase name="testValidateWorksProperly" classname="com.hotels.beans.BeanUtilsTest" time="0.008"/>
  <testcase name="testGetPopulatorReturnsTheExpectedResult" classname="com.hotels.beans.populator.PopulatorFactoryTest" time="0.006"/>
  <testcase name="testGetPopulatorReturnsTheExpectedResult" classname="com.hotels.beans.populator.PopulatorFactoryTest" time="0"/>
  <testcase name="testGetPopulatorReturnsTheExpectedResult" classname="com.hotels.beans.populator.PopulatorFactoryTest" time="0"/>
  <testcase name="testGetPopulatorReturnsTheExpectedResult" classname="com.hotels.beans.populator.PopulatorFactoryTest" time="0.001"/>
  <testcase name="testGetPopulatorReturnsTheExpectedResult" classname="com.hotels.beans.populator.PopulatorFactoryTest" time="0"/>
  <testcase name="testGetPopulatedObjectWorksProperly" classname="com.hotels.beans.populator.ArrayPopulatorTest" time="0.001"/>
  <testcase name="testGetPopulatedObjectWorksProperly" classname="com.hotels.beans.populator.ArrayPopulatorTest" time="0.006"/>
  <testcase name="testGetPopulatedObjectWorksProperly" classname="com.hotels.beans.populator.ArrayPopulatorTest" time="0.004"/>
  <testcase name="testGetPopulatedObjectWorksProperly" classname="com.hotels.beans.populator.ArrayPopulatorTest" time="0.013"/>
  <testcase name="testGetPopulatedObjectWorksProperly" classname="com.hotels.beans.populator.ArrayPopulatorTest" time="0.001"/>
  <testcase name="testCopyPropertiesGetsCompletedInTheExpectedTime" classname="com.hotels.beans.performance.PerformanceTest" time="0.142"/>
  <testcase name="testCopyPropertiesGetsCompletedInTheExpectedTime" classname="com.hotels.beans.performance.PerformanceTest" time="0.911"/>
  <testcase name="testCopyPropertiesGetsCompletedInTheExpectedTime" classname="com.hotels.beans.performance.PerformanceTest" time="0.051"/>
  <testcase name="testCopyPropertiesGetsCompletedInTheExpectedTime" classname="com.hotels.beans.performance.PerformanceTest" time="0.499"/>
  <testcase name="testCopyPropertiesGetsCompletedInTheExpectedTime" classname="com.hotels.beans.performance.PerformanceTest" time="0.823"/>
</testsuite>