<?xml version="1.0" encoding="UTF-8"?>
<!-- Generated by org.testng.reporters.JUnitReportReporter -->
<testsuite hostname="ROMC02YH0EEJGH7" failures="0" tests="1" name="com.hotels.map.MapUtilsTest" time="0.001" errors="0" timestamp="2020-07-30T15:19:17 CEST" skipped="0">
  <testcase classname="com.hotels.map.MapUtilsTest" name="testGetTransformerWorksProperly" time="0.001"/>
  <system-out/>
</testsuite> <!-- com.hotels.map.MapUtilsTest -->
