<?xml version="1.0" encoding="UTF-8"?>
<!-- Generated by org.testng.reporters.JUnitReportReporter -->
<testsuite hostname="ROMC02YH0EEJGH7" failures="0" tests="12" name="com.hotels.map.transformer.MapTransformerTest" time="0.273" errors="0" timestamp="2020-07-30T15:19:17 CEST" skipped="0">
  <testcase classname="com.hotels.map.transformer.MapTransformerTest" name="testTransformWorksProperlyWithKeyMapping" time="0.005"/>
  <system-out/>
  <testcase classname="com.hotels.map.transformer.MapTransformerTest" name="testTransformWorksProperly" time="0.002"/>
  <system-out/>
  <testcase classname="com.hotels.map.transformer.MapTransformerTest" name="testTransformWorksProperlyWithTransformer" time="0.000"/>
  <system-out/>
  <testcase classname="com.hotels.map.transformer.MapTransformerTest" name="testTransformWorksProperly" time="0.002"/>
  <system-out/>
  <testcase classname="com.hotels.map.transformer.MapTransformerTest" name="testTransformWorksProperly" time="0.001"/>
  <system-out/>
  <testcase classname="com.hotels.map.transformer.MapTransformerTest" name="testTransformRaisesExceptionIfItsCalledWithNullParameter" time="0.001"/>
  <system-out/>
  <testcase classname="com.hotels.map.transformer.MapTransformerTest" name="testTransformRaiseAnExceptionIfTheTransformerFunctionIsNotValid" time="0.003"/>
  <system-out/>
  <testcase classname="com.hotels.map.transformer.MapTransformerTest" name="testTransformWorksProperlyWithMapContainingList" time="0.039"/>
  <system-out/>
  <testcase classname="com.hotels.map.transformer.MapTransformerTest" name="testResetKeyTransformerWorksProperly" time="0.213"/>
  <system-out/>
  <testcase classname="com.hotels.map.transformer.MapTransformerTest" name="testTransformWorksProperlyWithTargetKeyAndElemType" time="0.006"/>
  <system-out/>
  <testcase classname="com.hotels.map.transformer.MapTransformerTest" name="testTransformRaisesExceptionIfItsCalledWithNullParameter" time="0.001"/>
  <system-out/>
  <testcase classname="com.hotels.map.transformer.MapTransformerTest" name="testTransformWorksProperly" time="0.000"/>
  <system-out/>
</testsuite> <!-- com.hotels.map.transformer.MapTransformerTest -->
